Microsoft (R) Macro Assembler Version 6.11		    12/06/25 18:51:12
src\main.asm						     Page 1 - 1


				INCLUDE Irvine32.inc
			      C ; Include file for Irvine32.lib             (Irvine32.inc)
			      C 
			      C ;OPTION CASEMAP:NONE		; optional: make identifiers case-sensitive
			      C 
			      C INCLUDE SmallWin.inc		; MS-Windows prototypes, structures, and constants
			      C .NOLIST
			      C .LIST
			      C 
			      C INCLUDE VirtualKeys.inc
			      C ; VirtualKeys.inc
			      C .NOLIST
			      C .LIST
			      C 
			      C 
			      C .NOLIST
			      C .LIST
			      C 
				INCLUDE Macros.inc 
			      C .NOLIST
			      C .LIST
			      C 
				INCLUDE GraphWin.inc 
			      C .NOLIST
			      C .LIST
			      C 
				INCLUDE DataFormat.inc 
			      C ; basic unit of snake
			      C ; dir: 0 RIGHT, 1 UP, 2 LEFT, 3 DOWN
 00000005		      C BLOCK STRUCT
 00000000  0000 0000	      C     pos COORD <> 
 00000004  00		      C     dir BYTE ?
			      C BLOCK ENDS
			      C 
			      C ; apple
 00000005		      C APPLE STRUCT
 00000000  0000 0000	      C     pos COORD <>
 00000004  00		      C     eaten BYTE 0
			      C APPLE ENDS
			      C 
			      C ; obstacle
 00000005		      C OBSTACLE STRUCT
 00000000  0000 0000	      C     pos COORD <>
 00000004  00		      C     harmful BYTE ?
			      C OBSTACLE ENDS
			      C 
				INCLUDE Plotting.inc
			      C EXTERN SetConsoleCursorPosition :PROTO :DWORD, :COORD
			      C EXTERN WriteConsoleW            :PROTO :DWORD, :PTR WORD, :DWORD, :PTR DWORD, :DWORD
			      C EXTERN SetConsoleTextAttribute  :PROTO :DWORD, :WORD
			      C 
			      C PlotSnake   PROTO :DWORD, :PTR BLOCK, :DWORD, :PTR DWORD
			      C PlotApples  PROTO :DWORD, :PTR APPLE, :DWORD, :PTR DWORD
			      C PlotObst    PROTO :DWORD, :PTR OBSTACLE, :DWORD, :PTR DWORD
			      C PlotBox     PROTO :DWORD, :PTR COORD, :DWORD, :PTR DWORD 
			      C 
				INCLUDE GameMechanism.inc
			      C CheckIntersection PROTO :WORD, :WORD, 
			      C                         :PTR BLOCK, snakeLen:DWORD, 
			      C                         :PTR OBSTACLE, :DWORD
			      C 

 = start@0			main EQU start@0 

				GetStdHandle PROTO :DWORD 
				WriteConsoleW PROTO :DWORD, :PTR WORD, :DWORD, :PTR DWORD, :DWORD 
				ExitProcess PROTO :DWORD 
 = 00001388			BufferSize = 5000

				Select_Load_Stage PROTO

 00000000			.DATA 
 00000000  00001388 [		buffer byte BufferSize dup(?)
	    00
	   ]
 00001388  00000064 [		fileInput byte 100 dup(?)
	    00
	   ]
 000013EC 2E 2E 2F 73 72	filename byte "../src/stages/s", 2 dup(?), ".txt", 0
	   63 2F 73 74 61
	   67 65 73 2F 73
	   00000002 [
	    00
	   ] 2E 74 78 74
	   00
 00001402 00000000		fileHandle handle ?

 00001406 00000000		consoleHandle DWORD ? 
 0000140A  00000002 [		fullBlock WORD 2 dup(2588h), 0
	    2588
	   ] 0000
 00001410 1C			scr_height BYTE 28
 00001411 3A			scr_width BYTE 58 
 00001412 00000000		written DWORD ? 

 00001416  0000000F [		snake BLOCK 15 dup(<>)
	    0000 0000 00
	   ]
 00001461 00000000		snakeLen DWORD ?
 00001465  0000000F [		apples APPLE 15  dup(<>)
	    0000 0000 00
	   ]
 000014B0 00000000		appleLen DWORD ?
 000014B4  00000028 [		obstacles OBSTACLE 40 dup(<>)
	    0000 0000 00
	   ]
 0000157C 00000000		obstacleLen DWORD ?
 00001580  0000000F [		boxes COORD 15 dup(<>)
	    0000 0000
	   ]
 000015BC 00000000		boxLen DWORD ?
 000015C0 0000 0000		goal COORD <>
 000015C4 0000 0000 00		lastPos BLOCK <>

 000015C9 0020 000A		stageLine0 COORD <32,10>
 000015CD 001E 000B		stageLine1 COORD <30,11>
 000015D1 001E 000C		stageLine2 COORD <30,12>
 000015D5  00000002 [		stageText byte 2 dup(?),0
	    00
	   ] 00

				; TODO
				; 2. box 

 00000000			.CODE 
 00000000			main PROC 
					INVOKE GetStdHandle, STD_OUTPUT_HANDLE 
 00000007  A3 00001406 R		mov consoleHandle, eax 

				; title screen
 0000000C			TITLE_SCREEN:
 0000000C  E8 00000000 E	    call ClrScr
				    mWrite <"SNAKE PUZZLE", 0dh, 0ah>
 000015D8		     1		.data		
 000015D8 53 4E 41 4B 45     1		??0000 BYTE "SNAKE PUZZLE", 0dh, 0ah,0	
	   20 50 55 5A 5A
	   4C 45 0D 0A 00
 00000011		     1		.code
 00000011  52		     1		push	edx
 00000012  BA 000015D8 R     1		mov	edx,OFFSET ??0000
 00000017  E8 00000000 E     1		call	WriteString
 0000001C  5A		     1		pop	edx
 0000001D  E8 00000000 E	    call WaitMsg

 00000022			SELECT_STAGE:
				; stage selection and load stage
 00000022  E8 00000000 E	    call ClrScr
 00000027  E8 00000616		    call Select_Load_Stage 
 0000002C  E8 00000000 E	    call WaitMsg

 00000031			MAIN_LOOP: 
 00000031  E8 00000000 E		call ClrScr 

				; plot snake
				    INVOKE PlotSnake, consoleHandle, ADDR snake, snakeLen, ADDR written

				; plot apple
				    INVOKE PlotApples, consoleHandle, ADDR apples, appleLen, ADDR written

				; plot obstacle    
				    INVOKE PlotObst, consoleHandle, ADDR obstacles, obstacleLen, ADDR written

				; plot box
				    INVOKE PlotBox, consoleHandle, ADDR boxes, boxLen, ADDR written

				; plot goal
 000000A2  60			    pushad
				    INVOKE SetConsoleTextAttribute, consoleHandle, 09h
				    INVOKE SetConsoleCursorPosition, consoleHandle, goal 
				    INVOKE WriteConsoleW, consoleHandle, ADDR fullBlock, 2, ADDR written, 0
				    INVOKE SetConsoleTextAttribute, consoleHandle, 0Fh
 000000E7  61			    popad

 000000E8			INPUT:
				    ; Detect input char
 000000E8  E8 00000000 E		call ReadChar 
				    ; call ReadKey

 000000ED  BB 00000004		    mov ebx, 4 ; clear direction 

				    ; store new direction in bl

					.IF ax == 1177h ; W
 000000F8  B3 01			    mov bl, 1	
					.ELSEIF ax == 1F73h ; S 
 00000102  B3 03			    mov bl, 3	
					.ELSEIF ax == 1E61h ; A
 0000010C  B3 02			    mov bl, 2	
					.ELSEIF ax == 2064h ; D 
 00000116  B3 00			    mov bl, 0	
				    .ELSEIF ax == 1071h ; Q 
 00000120  E9 FFFFFEFD		        jmp SELECT_STAGE 
				    .ELSEIF ax == 1372h ; R
 0000012D  E9 FFFFFEDA		        jmp TITLE_SCREEN
					.ELSEIF ax == 011Bh ; ESC 
 0000013A  E9 000004F2				jmp END_FUNC 
					.ELSE 
 00000141  E9 000004B0				jmp NEXT_LOOP
					.ENDIF

				; check if the direction is valid
 00000146  A0 0000141A R	    mov al, snake[0].dir
 0000014B  38 D8		    cmp al, bl
 0000014D  74 0F		    je CHECK_INTERSECTING

 0000014F  8A FB		    mov bh, bl
 00000151  24 01		    and al, 1
 00000153  80 E7 01		    and bh, 1
 00000156  38 F8		    cmp al, bh
 00000158  0F 84 0000024D	    je NO_UPDATE

 0000015E			CHECK_INTERSECTING:
 0000015E  66| A1		    mov ax, snake[0].pos.X
	   00001416 R
				    .IF bl == 0
 00000168  66| 83 C0 02		        add ax, 2
				    .ENDIF
				    .IF bl == 2
 00000171  66| 83 C0 FE		        add ax, -2
				    .ENDIF

 00000175  66| 8B 15		    mov dx, snake[0].pos.Y
	   00001418 R
				    .IF bl == 1
 00000181  66| 83 C2 FF		        add dx, -1
				    .ENDIF
				    .IF bl == 3
 0000018A  66| 83 C2 01		        add dx, 1
				    .ENDIF

				; invoke check intersecting
				    INVOKE CheckIntersection, ax, dx, ADDR snake, snakeLen, ADDR obstacles, obstacleLen
				    .IF bh == 1 
 000001B8  E9 00000459		        jmp GAMEOVER 
				    .ELSEIF bh == 2
 000001C4  E9 000001E2		        jmp NO_UPDATE
				    .ENDIF

				; check collision with boxes
 000001C9  8B 0D 000015BC R	    mov ecx, boxLen
 000001CF  BE 00000000		    mov esi, 0
 000001D4			BOX_COLLISION_CHECK:
 000001D4  66| 3B 86		    cmp ax, boxes[esi].X
	   00001580 R
 000001DB  0F 85 00000123	    jne CONT_BOX_COLLISION
 000001E1  66| 3B 96		    cmp dx, boxes[esi].Y
	   00001582 R
 000001E8  0F 85 00000116	    jne CONT_BOX_COLLISION
 000001EE  56			    push esi

				; check box destination empty
				    .IF bl == 0
 000001F3  66| 83 C0 02		        add ax, 2
				    .ENDIF
				    .IF bl == 2
 000001FC  66| 83 C0 FE		        add ax, -2
				    .ENDIF

				    .IF bl == 1
 00000205  66| 83 C2 FF		        add dx, -1
				    .ENDIF
				    .IF bl == 3
 0000020E  66| 83 C2 01		        add dx, 1
				    .ENDIF
				    
				    ; snake and obstacle 
				    INVOKE CheckIntersection, ax, dx, ADDR snake, snakeLen, ADDR obstacles, obstacleLen
				    .IF bh == 1 
 0000023C  E9 0000016A		        jmp NO_UPDATE 
				    .ENDIF
				    .IF bh == 2
 00000246  E9 00000160		        jmp NO_UPDATE
				    .ENDIF

				    ; box
 0000024B  51			    push ecx
 0000024C  56			    push esi
 0000024D  8B 0D 000015BC R	    mov ecx, boxLen
 00000253  BE 00000000		    mov esi, 0
 00000258			BB_COLL:
 00000258  66| 3B 86		    cmp ax, boxes[esi].X
	   00001580 R
 0000025F  75 0E		    jne CONT_BB_COLL
 00000261  66| 3B 96		    cmp dx, boxes[esi].Y
	   00001582 R
 00000268  75 05		    jne CONT_BB_COLL

 0000026A  E9 0000013C		    jmp NO_UPDATE
 0000026F			CONT_BB_COLL:
 0000026F  83 C6 04		    add esi, SIZEOF COORD
 00000272  E2 E4		    loop BB_COLL

				    ; apple
 00000274  8B 0D 000014B0 R	    mov ecx, appleLen
 0000027A  BE 00000000		    mov esi, 0
 0000027F			BA_COLL:
 0000027F  66| 3B 86		    cmp ax, apples[esi].pos.X
	   00001465 R
 00000286  75 0E		    jne CONT_BA_COLL
 00000288  66| 3B 96		    cmp dx, apples[esi].pos.Y
	   00001467 R
 0000028F  75 05		    jne CONT_BA_COLL

 00000291  E9 00000115		    jmp NO_UPDATE
 00000296			CONT_BA_COLL:
 00000296  83 C6 05		    add esi, SIZEOF APPLE 
 00000299  E2 E4		    loop BA_COLL

 0000029B  5E			    pop esi
 0000029C  59			    pop ecx
				    ; goal
 0000029D  66| 3B 05		    cmp ax, goal.X
	   000015C0 R
 000002A4  75 0E		    jne ORI_VAL
 000002A6  66| 3B 15		    cmp dx, goal.Y
	   000015C2 R
 000002AD  75 05		    jne ORI_VAL

 000002AF  E9 000000F7		    jmp NO_UPDATE

 000002B4			ORI_VAL:
				    .IF bl == 0
 000002B8  66| 83 C0 FE		        add ax, -2
				    .ENDIF
				    .IF bl == 2
 000002C1  66| 83 C0 02		        add ax, 2
				    .ENDIF

				    .IF bl == 1
 000002CA  66| 83 C2 01		        add dx, 1
				    .ENDIF
				    .IF bl == 3
 000002D3  66| 83 C2 FF		        add dx, -1
				    .ENDIF
				 
				; move box
 000002D7  5E			    pop esi
				    .IF bl == 0
 000002DC  66| 83 86		        add boxes[esi].X, 2
	   00001580 R 02
				    .ELSEIF bl == 1
 000002EB  66| 83 86		        add boxes[esi].Y, -1
	   00001582 R FF
				    .ELSEIF bl == 2
 000002FA  66| 83 86		        add boxes[esi].X, -2
	   00001580 R FE
				    .ENDIF

 00000302  EB 0C		    jmp CHECK_BORDER
 00000304			CONT_BOX_COLLISION:
 00000304  83 C6 04		    add esi, TYPE boxes
 00000307  49			    dec ecx
 00000308  0F 85 FFFFFEC6	    jnz near ptr BOX_COLLISION_CHECK 

 0000030E  EB 00		    jmp CHECK_BORDER

				; ------- Check border --------
 00000310			CHECK_BORDER:
				    .IF ax <= 0h
 00000316  E9 00000090			    jmp NO_UPDATE	
					.ENDIF
					.IF ax >= 78h
 00000321  E9 00000085			    jmp NO_UPDATE	
					.ENDIF
					.IF dx == 0h
 0000032B  EB 7E			    jmp NO_UPDATE	
					.ENDIF
					.IF dx == 1Dh
 00000333  EB 76			    jmp NO_UPDATE	
					.ENDIF

 00000335			UPDATE_POS:
 00000335  8B 0D 00001461 R	    mov ecx, snakeLen 
 0000033B  BE 00000000		    mov esi, 0
 00000340			UPDATE_LOOP:
 00000340  66| 8B 86		    mov ax, WORD PTR snake[esi].pos.X
	   00001416 R
 00000347  66| A3		    mov WORD PTR lastPos.pos.X, ax 
	   000015C4 R
 0000034D  66| 8B 86		    mov ax, WORD PTR snake[esi].pos.Y
	   00001418 R
 00000354  66| A3		    mov WORD PTR lastPos.pos.Y, ax
	   000015C6 R
 0000035A  8A 86 0000141A R	    mov al, BYTE PTR snake[esi].dir
 00000360  A2 000015C8 R	    mov BYTE PTR lastPos.dir, al

				    ; right
				    .IF bl == 0
 00000369  66| 83 86		        add snake[esi].pos.X, 2 
	   00001416 R 02
				    .ENDIF
				    ; top
				    .IF bl == 1
 00000376  66| 83 86		        add snake[esi].pos.Y, -1
	   00001418 R FF
				    .ENDIF
				    ; left
				    .IF bl == 2
 00000383  66| 83 86		        add snake[esi].pos.X, -2
	   00001416 R FE
				    .ENDIF
				    ; down
				    .IF bl == 3
 00000390  66| 83 86		        add snake[esi].pos.Y, 1 
	   00001418 R 01
				    .ENDIF
				    
 00000398  8A BE 0000141A R	    mov bh, snake[esi].dir
 0000039E  88 9E 0000141A R	    mov snake[esi].dir, bl
 000003A4  8A DF		    mov bl, bh
 000003A6  83 C6 05		    add esi, TYPE snake 

 000003A9  E2 95		    loop UPDATE_LOOP

 000003AB			NO_UPDATE:   
				    ; check apple
 000003AB  8B 0D 000014B0 R	    mov ecx, appleLen
 000003B1  BE 00000000		    mov esi, 0
 000003B6			APPLE_EATEN:
 000003B6  8A 86 00001469 R	    mov al, apples[esi].eaten
				    .IF al == 0
 000003C0  66| A1		        mov ax, snake[0].pos.X
	   00001416 R
 000003C6  66| 3B 86		        cmp ax, apples[esi].pos.X
	   00001465 R
 000003CD  75 4C		        jne CONTINUE_APPLE
 000003CF  66| A1		        mov ax, snake[0].pos.Y
	   00001418 R
 000003D5  66| 3B 86		        cmp ax, apples[esi].pos.Y
	   00001467 R
 000003DC  75 3D		        jne CONTINUE_APPLE

 000003DE  A1 00001461 R	        mov eax, snakeLen
 000003E3  6B C0 05		        imul eax, TYPE snake
 000003E6  66| 8B 1D		        mov bx, lastPos.pos.X
	   000015C4 R
 000003ED  66| 89 98		        mov snake[eax].pos.X, bx
	   00001416 R
 000003F4  66| 8B 1D		        mov bx, lastPos.pos.Y
	   000015C6 R
 000003FB  66| 89 98		        mov snake[eax].pos.Y, bx
	   00001418 R
 00000402  8A 1D 000015C8 R	        mov bl, lastPos.dir
 00000408  88 98 0000141A R	        mov snake[eax].dir, bl    
 0000040E  FF 05 00001461 R	        inc snakeLen
 00000414  C6 86 00001469 R	        mov apples[esi].eaten, 1
	   01
				    .ENDIF
 0000041B			CONTINUE_APPLE:
 0000041B  83 C6 05		    add esi, TYPE apples 
 0000041E  E2 96		    loop APPLE_EATEN

 00000420			CHECK_GOAL:
 00000420  66| A1		    mov ax, snake[0].pos.X
	   00001416 R
 00000426  66| 3B 05		    cmp ax, goal.X
	   000015C0 R
 0000042D  75 17		    jne CHECK_SUPP
 0000042F  66| A1		    mov ax, snake[0].pos.Y
	   00001418 R
 00000435  66| 3B 05		    cmp ax, goal.Y
	   000015C2 R
 0000043C  75 08		    jne CHECK_SUPP

 0000043E  E9 000001B8		    jmp FINISH
				    

				; check if supported by apples or obstacles 
 00000443  66| 33 D2		    xor dx, dx ; store whether snake is supported only by harmful obstacle 
 00000446			CHECK_SUPP:
 00000446  E8 00000000 E	    call ClrScr 

				; plot snake
				    INVOKE PlotSnake, consoleHandle, ADDR snake, snakeLen, ADDR written

				; plot apple
				    INVOKE PlotApples, consoleHandle, ADDR apples, appleLen, ADDR written

				; plot obstacle    
				    INVOKE PlotObst, consoleHandle, ADDR obstacles, obstacleLen, ADDR written

				; plot box
				    INVOKE PlotBox, consoleHandle, ADDR boxes, boxLen, ADDR written    

				; plot goal
 000004B7  60			    pushad
				    INVOKE SetConsoleTextAttribute, consoleHandle, 09h
				    INVOKE SetConsoleCursorPosition, consoleHandle, goal 
				    INVOKE WriteConsoleW, consoleHandle, ADDR fullBlock, 2, ADDR written, 0
				    INVOKE SetConsoleTextAttribute, consoleHandle, 0Fh
 000004FC  61			    popad

 000004FD  8B 0D 00001461 R	    mov ecx, snakeLen
 00000503  BE 00000000		    mov esi, 0
 00000508			LOOP_SUPP:
 00000508  66| 8B 86		    mov ax, snake[esi].pos.X
	   00001416 R
 0000050F  66| 8B 9E		    mov bx, snake[esi].pos.Y
	   00001418 R
 00000516  66| 43		    inc bx
 00000518  51			    push ecx
 00000519  56			    push esi

 0000051A  8B 0D 0000157C R	    mov ecx, obstacleLen
 00000520  BE 00000000		    mov esi, 0
 00000525			SUPP_OBST:
 00000525  66| 3B 86		    cmp ax, obstacles[esi].pos.X
	   000014B4 R
 0000052C  75 1C		    jne CONT_OBST
 0000052E  66| 3B 9E		    cmp bx, obstacles[esi].pos.Y
	   000014B6 R
 00000535  75 13		    jne CONT_OBST

 00000537  8A 96 000014B8 R	    mov dl, obstacles[esi].harmful
				    .IF dl == 0
 00000541  E9 000000B0		        jmp SUPPORTED
				    .ELSE
 00000548  B6 01		        mov dh, 1
				    .ENDIF


 0000054A			CONT_OBST:
 0000054A  83 C6 05		    add esi, TYPE obstacles
 0000054D  E2 D6		    loop SUPP_OBST
				    
				    
 0000054F  8B 0D 000014B0 R	    mov ecx, appleLen 
 00000555  BE 00000000		    mov esi, 0
 0000055A			SUPP_APPLE:
				    .IF apples[esi].eaten == 0
 00000563  66| 3B 86		        cmp ax, apples[esi].pos.X
	   00001465 R
 0000056A  75 0B		        jne CONT_APPLE_SUPP
 0000056C  66| 3B 9E		        cmp bx, apples[esi].pos.Y
	   00001467 R
 00000573  75 02		        jne CONT_APPLE_SUPP

 00000575  EB 7F		        jmp SUPPORTED
				    .ENDIF

 00000577			CONT_APPLE_SUPP:
 00000577  83 C6 05		    add esi, TYPE apples 
 0000057A  E2 DE		    loop SUPP_APPLE

				; ---------- check box support ------------
 0000057C  8B 0D 000015BC R	    mov ecx, boxLen
 00000582  BE 00000000		    mov esi, 0
 00000587			SUPP_BOX:
 00000587  66| 3B 86		    cmp ax, boxes[esi].X
	   00001580 R
 0000058E  75 0B		    jne CONT_BOX_SUPP
 00000590  66| 3B 9E		    cmp bx, boxes[esi].Y
	   00001582 R
 00000597  75 02		    jne CONT_BOX_SUPP

 00000599  EB 5B		    jmp SUPPORTED

 0000059B			CONT_BOX_SUPP:
 0000059B  83 C6 04		    add esi, TYPE boxes
 0000059E  E2 E7		    loop SUPP_BOX

				; ---------- check goal support ----------
 000005A0			SUPP_GOAL:
 000005A0  66| 3B 05		    cmp ax, goal.X
	   000015C0 R
 000005A7  75 0B		    jne CONT_SUPP
 000005A9  66| 3B 1D		    cmp bx, goal.Y
	   000015C2 R
 000005B0  75 02		    jne CONT_SUPP

 000005B2  EB 42		    jmp SUPPORTED

				 
 000005B4			CONT_SUPP:
 000005B4  5E			    pop esi
 000005B5  59			    pop ecx
 000005B6  83 C6 05		    add esi, TYPE snake
 000005B9  49			    dec ecx
 000005BA  0F 85 FFFFFF48	    jnz near PTR LOOP_SUPP

				    .IF dh == 1
 000005C5  EB 4F		        jmp GAMEOVER
				    .ENDIF
				   
				; if not supported, then apply gravity tell supported or full into the void (Y > threshold)
 000005C7			GRAVITY:
 000005C7  8B 0D 00001461 R	    mov ecx, snakeLen
 000005CD  BE 00000000		    mov esi, 0 
 000005D2			LOOP_GRAVITY:
 000005D2  66| FF 86		    inc snake[esi].pos.Y    
	   00001418 R
				    .IF snake[esi].pos.Y >= 1Ch
 000005E3  EB 31		        jmp GAMEOVER 
				    .ENDIF

 000005E5  83 C6 05		    add esi, TYPE snake
 000005E8  E2 E8		    loop LOOP_GRAVITY

 000005EA  6A 64		    push 100
 000005EC  E8 00000000 E	    call Sleep

 000005F1  E9 FFFFFE50		    jmp CHECK_SUPP

 000005F6			SUPPORTED:
 000005F6			NEXT_LOOP:
 000005F6  E9 FFFFFA36			jmp MAIN_LOOP 
					 
 000005FB			FINISH:
 000005FB  E8 00000000 E	    call ClrScr
				    mWrite <"Congratulations!", 0dh, 0ah>
 000015E7		     1		.data		
 000015E7 43 6F 6E 67 72     1		??0001 BYTE "Congratulations!", 0dh, 0ah,0	
	   61 74 75 6C 61
	   74 69 6F 6E 73
	   21 0D 0A 00
 00000600		     1		.code
 00000600  52		     1		push	edx
 00000601  BA 000015E7 R     1		mov	edx,OFFSET ??0001
 00000606  E8 00000000 E     1		call	WriteString
 0000060B  5A		     1		pop	edx
 0000060C  E8 00000000 E	    call WaitMsg

				; jump to stage selection page
 00000611  E9 FFFFFA0C		    jmp SELECT_STAGE

 00000616			GAMEOVER:
 00000616  E8 00000000 E	    call ClrScr
				    mWrite <"GAMEOVER", 0dh, 0ah>
 000015FA		     1		.data		
 000015FA 47 41 4D 45 4F     1		??0002 BYTE "GAMEOVER", 0dh, 0ah,0	
	   56 45 52 0D 0A
	   00
 0000061B		     1		.code
 0000061B  52		     1		push	edx
 0000061C  BA 000015FA R     1		mov	edx,OFFSET ??0002
 00000621  E8 00000000 E     1		call	WriteString
 00000626  5A		     1		pop	edx
 00000627  E8 00000000 E	    call WaitMsg
 0000062C  E9 FFFFF9F1		    jmp SELECT_STAGE

 00000631			END_FUNC: 
 00000631  E8 00000000 E	    call ClrScr
 00000636  E8 00000000 E		call WaitMsg 
					exit
 00000642			main ENDP 

 00000642			Select_Load_Stage PROC
 00000642			chooseStage:
					INVOKE SetConsoleCursorPosition, consoleHandle, stageLine0
					mWrite <"SNAKE PUZZLE GAME , made by group 28">
 00001605		     1		.data		
 00001605 53 4E 41 4B 45     1		??0003 BYTE "SNAKE PUZZLE GAME , made by group 28",0	
	   20 50 55 5A 5A
	   4C 45 20 47 41
	   4D 45 20 2C 20
	   6D 61 64 65 20
	   62 79 20 67 72
	   6F 75 70 20 32
	   38 00
 00000653		     1		.code
 00000653  52		     1		push	edx
 00000654  BA 00001605 R     1		mov	edx,OFFSET ??0003
 00000659  E8 00000000 E     1		call	WriteString
 0000065E  5A		     1		pop	edx
					INVOKE SetConsoleCursorPosition, consoleHandle, stageLine1
					mWrite <"choose your stage (eg 01, 02, ..., 99) : ">
 0000162A		     1		.data		
 0000162A 63 68 6F 6F 73     1		??0004 BYTE "choose your stage (eg 01, 02, ..., 99) : ",0	
	   65 20 79 6F 75
	   72 20 73 74 61
	   67 65 20 28 65
	   67 20 30 31 2C
	   20 30 32 2C 20
	   2E 2E 2E 2C 20
	   39 39 29 20 3A
	   20 00
 00000670		     1		.code
 00000670  52		     1		push	edx
 00000671  BA 0000162A R     1		mov	edx,OFFSET ??0004
 00000676  E8 00000000 E     1		call	WriteString
 0000067B  5A		     1		pop	edx
 0000067C  BA 00001388 R		mov edx, offset fileInput
 00000681  B9 00000064			mov ecx, sizeof fileInput
 00000686  E8 00000000 E		call ReadString
					INVOKE SetConsoleCursorPosition, consoleHandle, stageLine2
 0000069C  B9 00000064			mov ecx, sizeof fileInput 
 000006A1  BF 00001388 R		mov edi, offset fileInput
 000006A6  B0 00			mov al, 0
 000006A8  F2/ AE			repne scasb
 000006AA  BB 00000064			mov ebx, sizeof fileInput
 000006AF  2B D9		    sub ebx, ecx
 000006B1  4B			    dec ebx ; get lenghof fileInput
 000006B2  83 FB 02			cmp ebx, 2
 000006B5  75 54			jne file_not_ok
					
					; handle full filename
 000006B7  A0 00001388 R		mov al, fileInput[0]
 000006BC  A2 000013FB R		mov filename[15], al
 000006C1  A2 000015D5 R		mov stageText[0], al
 000006C6  A0 00001389 R		mov al, fileInput[1]
 000006CB  A2 000013FC R		mov filename[16], al
 000006D0  A2 000015D6 R		mov stageText[1], al
					
					mWrite <"Loading Stage : ">
 00001654		     1		.data		
 00001654 4C 6F 61 64 69     1		??0005 BYTE "Loading Stage : ",0	
	   6E 67 20 53 74
	   61 67 65 20 3A
	   20 00
 000006D5		     1		.code
 000006D5  52		     1		push	edx
 000006D6  BA 00001654 R     1		mov	edx,OFFSET ??0005
 000006DB  E8 00000000 E     1		call	WriteString
 000006E0  5A		     1		pop	edx
 000006E1  BA 000015D5 R		mov edx, offset stageText
 000006E6  E8 00000000 E		call WriteString
					mWrite <", ">
 00001665		     1		.data		
 00001665 2C 20 00	     1		??0006 BYTE ", ",0	
 000006EB		     1		.code
 000006EB  52		     1		push	edx
 000006EC  BA 00001665 R     1		mov	edx,OFFSET ??0006
 000006F1  E8 00000000 E     1		call	WriteString
 000006F6  5A		     1		pop	edx
 000006F7  BA 000013EC R		mov edx, offset filename
 000006FC  E8 00000000 E		call OpenInputFile
 00000701  A3 00001402 R		mov fileHandle, eax
 00000706  83 F8 FF			cmp eax,INVALID_HANDLE_VALUE
 00000709  75 27			jne file_ok
 0000070B			file_not_ok:
 0000070B  E8 00000000 E		call ClrScr
					INVOKE SetConsoleCursorPosition, consoleHandle, stageLine2
					mWrite <"Stage not found.",0dh,0ah>
 00001668		     1		.data		
 00001668 53 74 61 67 65     1		??0007 BYTE "Stage not found.",0dh,0ah,0	
	   20 6E 6F 74 20
	   66 6F 75 6E 64
	   2E 0D 0A 00
 00000721		     1		.code
 00000721  52		     1		push	edx
 00000722  BA 00001668 R     1		mov	edx,OFFSET ??0007
 00000727  E8 00000000 E     1		call	WriteString
 0000072C  5A		     1		pop	edx
 0000072D  E9 FFFFFF10			jmp chooseStage
 00000732			file_ok:
 00000732  BA 00000000 R		mov edx, offset buffer
 00000737  B9 00001388			mov ecx, BufferSize
 0000073C  E8 00000000 E		call ReadFromFile
 00000741  73 16			jnc check_Buffer_Size
					mWrite "Error reading file. "
 0000167B		     1		.data		
 0000167B 45 72 72 6F 72     1		??0008 BYTE "Error reading file. ",0	
	   20 72 65 61 64
	   69 6E 67 20 66
	   69 6C 65 2E 20
	   00
 00000743		     1		.code
 00000743  52		     1		push	edx
 00000744  BA 0000167B R     1		mov	edx,OFFSET ??0008
 00000749  E8 00000000 E     1		call	WriteString
 0000074E  5A		     1		pop	edx
 0000074F  E8 00000000 E		call WriteWindowsMsg
 00000754  E9 00000226			jmp close_File
 00000759			check_Buffer_Size:
 00000759  3D 00001388			cmp eax, BufferSize
 0000075E  72 11			jb buf_size_ok
					mWrite <"Error: Buffer too small for the file",0dh,0ah>
 00001690		     1		.data		
 00001690 45 72 72 6F 72     1		??0009 BYTE "Error: Buffer too small for the file",0dh,0ah,0	
	   3A 20 42 75 66
	   66 65 72 20 74
	   6F 6F 20 73 6D
	   61 6C 6C 20 66
	   6F 72 20 74 68
	   65 20 66 69 6C
	   65 0D 0A 00
 00000760		     1		.code
 00000760  52		     1		push	edx
 00000761  BA 00001690 R     1		mov	edx,OFFSET ??0009
 00000766  E8 00000000 E     1		call	WriteString
 0000076B  5A		     1		pop	edx
 0000076C  E9 00000218			jmp quit
 00000771			buf_size_ok:
 00000771  C6 80 00000000 R		mov buffer[eax],0
	   00
 00000778  8B C8			mov ecx, eax
 0000077A  BB 00000000			mov ebx, 0
 0000077F  33 D2			xor edx,edx
 00000781  33 F6			xor esi,esi

				; initialize
 00000783  C7 05 00001461 R	    mov snakeLen, 0 
	   00000000
 0000078D  C7 05 0000157C R	    mov obstacleLen, 0 
	   00000000
 00000797  C7 05 000014B0 R	    mov appleLen, 0 
	   00000000
 000007A1  C7 05 000015BC R	    mov boxLen, 0
	   00000000

 000007AB			readEachChar:
 000007AB  0F B6 83			movzx eax, byte ptr [buffer + ebx]
	   00000000 R
 000007B2  83 F8 30			cmp eax, '0'
 000007B5  0F 82 00000184		jb notNUM
 000007BB  83 F8 39			cmp eax, '9'
 000007BE  0F 87 0000017B		ja notNUM
					; isNum
					; handle First digit
 000007C4  83 E8 30			sub eax, '0'
 000007C7  52				push edx
 000007C8  53				push ebx
 000007C9  BB 0000000A			mov ebx, 10
 000007CE  F7 E3			mul ebx
 000007D0  5B				pop ebx
 000007D1  5A				pop edx
					; handle second digit
 000007D2  43				inc ebx
 000007D3  49				dec ecx
 000007D4  52				push edx
 000007D5  0F B6 93			movzx edx, byte ptr [buffer + ebx]
	   00000000 R
 000007DC  83 EA 30			sub edx, '0'
 000007DF  03 C2			add eax, edx
 000007E1  5A				pop edx
					; call WriteDec ; Get integer in eax !
					
					; dx
					; 00 for snake X ; 01 for snake Y ; line 1
					; 10 for obs X ; 11 for obs Y     ; line 2
					; 20 for goal X ; 21 for goal Y   ; line 3
					; 30 for apple X ; 31 for apple Y ; line 4
					; 40 for trap X ; 41 for trap Y   ; line 5
					; 50 for box X ; 51 for box Y     ; line 6
 000007E2  66| 83 FA 00			cmp dx, 0
 000007E6  74 6A			je loadSnakeX
 000007E8  66| 83 FA 01			cmp dx, 1
 000007EC  74 72			je loadSnakeY
 000007EE  66| 83 FA 0A			cmp dx, 10
 000007F2  0F 84 0000008B		je loadObsX
 000007F8  66| 83 FA 0B			cmp dx, 11
 000007FC  0F 84 0000008D		je loadObsY
 00000802  66| 83 FA 14			cmp dx, 20
 00000806  0F 84 000000A6		je loadGoalX
 0000080C  66| 83 FA 15			cmp dx, 21
 00000810  0F 84 000000A7		je loadGoalY
 00000816  66| 83 FA 1E			cmp dx, 30
 0000081A  0F 84 000000A8		je loadAppleX
 00000820  66| 83 FA 1F			cmp dx, 31
 00000824  0F 84 000000AA		je loadAppleY
 0000082A  66| 83 FA 28			cmp dx, 40
 0000082E  0F 84 000000E2		je loadTrapX
 00000834  66| 83 FA 29			cmp dx, 41
 00000838  0F 84 000000E1		je loadTrapY
 0000083E  66| 83 FA 32			cmp dx, 50
 00000842  0F 84 000000AC		je loadBoxesX
 00000848  66| 83 FA 33			cmp dx, 51
 0000084C  0F 84 000000AB		je loadBoxesY
				;------------------------
 00000852			loadSnakeX:
 00000852  66| 89 86			mov snake[esi].pos.X, ax
	   00001416 R
 00000859  8B C6			mov eax, esi
 0000085B  E9 00000113			jmp looping
 00000860			loadSnakeY:
 00000860  66| 89 86			mov snake[esi].pos.Y, ax
	   00001418 R
 00000867  C6 86 0000141A R		mov snake[esi].dir, 0
	   00
 0000086E  83 C6 05			add esi,TYPE snake
 00000871  A1 00001461 R		mov eax, snakeLen
 00000876  83 C0 01			add eax, 1
 00000879  A3 00001461 R		mov snakeLen, eax
 0000087E  E9 000000F0			jmp looping
 00000883			loadObsX:
 00000883  66| 89 86			mov obstacles[esi].pos.X, ax
	   000014B4 R
 0000088A  E9 000000E4			jmp looping
 0000088F			loadObsY:
 0000088F  66| 89 86			mov obstacles[esi].pos.Y, ax
	   000014B6 R
 00000896  C6 86 000014B8 R		mov obstacles[esi].harmful, 0
	   00
 0000089D  83 C6 05			add esi,TYPE obstacles
 000008A0  A1 0000157C R		mov eax, obstacleLen
 000008A5  83 C0 01			add eax, 1
 000008A8  A3 0000157C R		mov obstacleLen, eax
 000008AD  E9 000000C1			jmp looping
 000008B2			loadGoalX:
 000008B2  66| A3			mov goal.X, ax
	   000015C0 R
 000008B8  E9 000000B6			jmp looping
 000008BD			loadGoalY:
 000008BD  66| A3			mov goal.Y, ax
	   000015C2 R
 000008C3  E9 000000AB			jmp looping
 000008C8			loadAppleX:
 000008C8  66| 89 86			mov apples[esi].pos.X, ax
	   00001465 R
 000008CF  E9 0000009F			jmp looping
 000008D4			loadAppleY:
 000008D4  66| 89 86			mov apples[esi].pos.Y, ax
	   00001467 R
 000008DB  C6 86 00001469 R	    mov apples[esi].eaten, 0
	   00
 000008E2  83 C6 05			add esi,TYPE apples
 000008E5  A1 000014B0 R		mov eax, appleLen
 000008EA  83 C0 01			add eax, 1
 000008ED  A3 000014B0 R		mov appleLen,eax
 000008F2  EB 7F			jmp looping
 000008F4			loadBoxesX:
 000008F4  66| 89 86			mov boxes[esi].X, ax
	   00001580 R
 000008FB  EB 76			jmp looping
 000008FD			loadBoxesY:
 000008FD  66| 89 86			mov boxes[esi].Y, ax
	   00001582 R
 00000904  83 C6 04			add esi,TYPE boxes
 00000907  A1 000015BC R		mov eax, boxLen
 0000090C  83 C0 01			add eax, 1
 0000090F  A3 000015BC R		mov boxLen, eax
 00000914  EB 5D			jmp looping
 00000916			loadTrapX:
 00000916  66| 89 86			mov obstacles[esi].pos.X, ax
	   000014B4 R
 0000091D  EB 54			jmp looping
 0000091F			loadTrapY:
 0000091F  66| 89 86			mov obstacles[esi].pos.Y, ax
	   000014B6 R
 00000926  C6 86 000014B8 R		mov obstacles[esi].harmful, 1
	   01
 0000092D  83 C6 05			add esi,TYPE obstacles
 00000930  A1 0000157C R		mov eax, obstacleLen
 00000935  83 C0 01			add eax, 1
 00000938  A3 0000157C R		mov obstacleLen, eax
 0000093D  EB 34			jmp looping
				;------------------------
 0000093F			notNUM:
 0000093F  83 F8 2C			cmp eax, ','
 00000942  74 25			je casePosY
 00000944  83 F8 3B			cmp eax, ';'
 00000947  74 25			je caseNextPos
				; nextLine
 00000949  33 F6			xor esi, esi
 0000094B  83 C2 09			add edx, 9
 0000094E  49				dec ecx
 0000094F  43				inc ebx
 00000950  66| 83 FA 28			cmp dx, 40 ; handle trap data
 00000954  75 1D			jne looping
 00000956  52				push edx
 00000957  8B 35 0000157C R		mov esi, obstacleLen
 0000095D  B8 00000005			mov eax, TYPE obstacles
 00000962  F7 E6			mul esi
 00000964  8B F0			mov esi, eax
 00000966  5A				pop edx
 00000967  EB 0A			jmp looping
 00000969			casePosY:
 00000969  83 C2 01			add edx, 1
 0000096C  EB 05			jmp looping
 0000096E			caseNextPos:
 0000096E  83 C2 FF			add edx, -1
 00000971  EB 00			jmp looping
 00000973			looping:
 00000973  43				inc ebx
 00000974  49				dec ecx
 00000975  83 F9 00			cmp ecx,0
 00000978  74 05			je close_File 
 0000097A  E9 FFFFFE2C			jmp readEachChar
					;-----------------------
 0000097F			close_File:
 0000097F  A1 00001402 R		mov eax, fileHandle
 00000984  E8 00000000 E		call CloseFile
 00000989			quit:
 00000989  C3				ret
 0000098A			Select_Load_Stage ENDP
				END main
Microsoft (R) Macro Assembler Version 6.11		    12/06/25 18:51:12
src\main.asm						     Symbols 2 - 1




Macros:

                N a m e                 Type

IsDefined  . . . . . . . . . . .	Func
Startup  . . . . . . . . . . . .	Proc
mDumpMem . . . . . . . . . . . .	Proc
mDump  . . . . . . . . . . . . .	Proc
mGotoxy  . . . . . . . . . . . .	Proc
mReadString  . . . . . . . . . .	Proc
mShowRegister  . . . . . . . . .	Proc
mShow  . . . . . . . . . . . . .	Proc
mWriteLn . . . . . . . . . . . .	Proc
mWriteSpace  . . . . . . . . . .	Proc
mWriteString . . . . . . . . . .	Proc
mWrite . . . . . . . . . . . . .	Proc


Structures and Unions:

                N a m e                  Size
                                         Offset      Type

APPLE  . . . . . . . . . . . . .	 00000005
  pos  . . . . . . . . . . . . .	 00000000	 DWord
  eaten  . . . . . . . . . . . .	 00000004	 Byte
BLOCK  . . . . . . . . . . . . .	 00000005
  pos  . . . . . . . . . . . . .	 00000000	 DWord
  dir  . . . . . . . . . . . . .	 00000004	 Byte
CONSOLE_CURSOR_INFO  . . . . . .	 00000008
  dwSize . . . . . . . . . . . .	 00000000	 DWord
  bVisible . . . . . . . . . . .	 00000004	 DWord
CONSOLE_SCREEN_BUFFER_INFO . . .	 00000016
  dwSize . . . . . . . . . . . .	 00000000	 DWord
  dwCursorPosition . . . . . . .	 00000004	 DWord
  wAttributes  . . . . . . . . .	 00000008	 Word
  srWindow . . . . . . . . . . .	 0000000A	 QWord
  dwMaximumWindowSize  . . . . .	 00000012	 DWord
COORD  . . . . . . . . . . . . .	 00000004
  X  . . . . . . . . . . . . . .	 00000000	 Word
  Y  . . . . . . . . . . . . . .	 00000002	 Word
FILETIME . . . . . . . . . . . .	 00000008
  loDateTime . . . . . . . . . .	 00000000	 DWord
  hiDateTime . . . . . . . . . .	 00000004	 DWord
FOCUS_EVENT_RECORD . . . . . . .	 00000004
  bSetFocus  . . . . . . . . . .	 00000000	 DWord
FPU_ENVIRON  . . . . . . . . . .	 0000001C
  controlWord  . . . . . . . . .	 00000000	 Word
  statusWord . . . . . . . . . .	 00000004	 Word
  tagWord  . . . . . . . . . . .	 00000008	 Word
  instrPointerOffset . . . . . .	 0000000C	 DWord
  instrPointerSelector . . . . .	 00000010	 DWord
  operandPointerOffset . . . . .	 00000014	 DWord
  operandPointerSelector . . . .	 00000018	 Word
INPUT_RECORD . . . . . . . . . .	 00000014
  EventType  . . . . . . . . . .	 00000000	 Word
  Event  . . . . . . . . . . . .	 00000004	  00000010
  bKeyDown . . . . . . . . . . .	 00000000	 DWord
  wRepeatCount . . . . . . . . .	 00000004	 Word
  wVirtualKeyCode  . . . . . . .	 00000006	 Word
  wVirtualScanCode . . . . . . .	 00000008	 Word
  uChar  . . . . . . . . . . . .	 0000000A	 Word
  UnicodeChar  . . . . . . . . .	 00000000	 Word
  AsciiChar  . . . . . . . . . .	 00000000	 Byte
  dwControlKeyState  . . . . . .	 0000000C	 DWord
  dwMousePosition  . . . . . . .	 00000000	 DWord
  dwButtonState  . . . . . . . .	 00000004	 DWord
  dwMouseControlKeyState . . . .	 00000008	 DWord
  dwEventFlags . . . . . . . . .	 0000000C	 DWord
  dwSize . . . . . . . . . . . .	 00000000	 DWord
  dwCommandId  . . . . . . . . .	 00000000	 DWord
  bSetFocus  . . . . . . . . . .	 00000000	 DWord
KEY_EVENT_RECORD . . . . . . . .	 00000010
  bKeyDown . . . . . . . . . . .	 00000000	 DWord
  wRepeatCount . . . . . . . . .	 00000004	 Word
  wVirtualKeyCode  . . . . . . .	 00000006	 Word
  wVirtualScanCode . . . . . . .	 00000008	 Word
  uChar  . . . . . . . . . . . .	 0000000A	 Word
  UnicodeChar  . . . . . . . . .	 00000000	 Word
  AsciiChar  . . . . . . . . . .	 00000000	 Byte
  dwControlKeyState  . . . . . .	 0000000C	 DWord
MENU_EVENT_RECORD  . . . . . . .	 00000004
  dwCommandId  . . . . . . . . .	 00000000	 DWord
MOUSE_EVENT_RECORD . . . . . . .	 00000010
  dwMousePosition  . . . . . . .	 00000000	 DWord
  dwButtonState  . . . . . . . .	 00000004	 DWord
  dwMouseControlKeyState . . . .	 00000008	 DWord
  dwEventFlags . . . . . . . . .	 0000000C	 DWord
MSGStruct  . . . . . . . . . . .	 0000001C
  msgWnd . . . . . . . . . . . .	 00000000	 DWord
  msgMessage . . . . . . . . . .	 00000004	 DWord
  msgWparam  . . . . . . . . . .	 00000008	 DWord
  msgLparam  . . . . . . . . . .	 0000000C	 DWord
  msgTime  . . . . . . . . . . .	 00000010	 DWord
  msgPt  . . . . . . . . . . . .	 00000014	 QWord
OBSTACLE . . . . . . . . . . . .	 00000005
  pos  . . . . . . . . . . . . .	 00000000	 DWord
  harmful  . . . . . . . . . . .	 00000004	 Byte
POINT  . . . . . . . . . . . . .	 00000008
  X  . . . . . . . . . . . . . .	 00000000	 DWord
  Y  . . . . . . . . . . . . . .	 00000004	 DWord
RECT . . . . . . . . . . . . . .	 00000010
  left . . . . . . . . . . . . .	 00000000	 DWord
  top  . . . . . . . . . . . . .	 00000004	 DWord
  right  . . . . . . . . . . . .	 00000008	 DWord
  bottom . . . . . . . . . . . .	 0000000C	 DWord
SMALL_RECT . . . . . . . . . . .	 00000008
  Left . . . . . . . . . . . . .	 00000000	 Word
  Top  . . . . . . . . . . . . .	 00000002	 Word
  Right  . . . . . . . . . . . .	 00000004	 Word
  Bottom . . . . . . . . . . . .	 00000006	 Word
SYSTEMTIME . . . . . . . . . . .	 00000010
  wYear  . . . . . . . . . . . .	 00000000	 Word
  wMonth . . . . . . . . . . . .	 00000002	 Word
  wDayOfWeek . . . . . . . . . .	 00000004	 Word
  wDay . . . . . . . . . . . . .	 00000006	 Word
  wHour  . . . . . . . . . . . .	 00000008	 Word
  wMinute  . . . . . . . . . . .	 0000000A	 Word
  wSecond  . . . . . . . . . . .	 0000000C	 Word
  wMilliseconds  . . . . . . . .	 0000000E	 Word
WINDOW_BUFFER_SIZE_RECORD  . . .	 00000004
  dwSize . . . . . . . . . . . .	 00000000	 DWord
WNDCLASS . . . . . . . . . . . .	 00000028
  style  . . . . . . . . . . . .	 00000000	 DWord
  lpfnWndProc  . . . . . . . . .	 00000004	 DWord
  cbClsExtra . . . . . . . . . .	 00000008	 DWord
  cbWndExtra . . . . . . . . . .	 0000000C	 DWord
  hInstance  . . . . . . . . . .	 00000010	 DWord
  hIcon  . . . . . . . . . . . .	 00000014	 DWord
  hCursor  . . . . . . . . . . .	 00000018	 DWord
  hbrBackground  . . . . . . . .	 0000001C	 DWord
  lpszMenuName . . . . . . . . .	 00000020	 DWord
  lpszClassName  . . . . . . . .	 00000024	 DWord


Segments and Groups:

                N a m e                 Size     Length   Align   Combine Class

FLAT . . . . . . . . . . . . . .	GROUP
STACK  . . . . . . . . . . . . .	32 Bit	 00001000 DWord	  Stack	  'STACK'	 
_DATA  . . . . . . . . . . . . .	32 Bit	 000016B7 DWord	  Public  'DATA'	
_TEXT  . . . . . . . . . . . . .	32 Bit	 0000098A DWord	  Public  'CODE'	


Procedures,  parameters and locals:

                N a m e                 Type     Value    Attr

CheckIntersection  . . . . . . .	P Near	 00000000 FLAT	Length= 00000000 External STDCALL
CloseFile  . . . . . . . . . . .	P Near	 00000000 FLAT	Length= 00000000 External STDCALL
CloseHandle  . . . . . . . . . .	P Near	 00000000 FLAT	Length= 00000000 External STDCALL
Clrscr . . . . . . . . . . . . .	P Near	 00000000 FLAT	Length= 00000000 External STDCALL
CreateFileA  . . . . . . . . . .	P Near	 00000000 FLAT	Length= 00000000 External STDCALL
CreateOutputFile . . . . . . . .	P Near	 00000000 FLAT	Length= 00000000 External STDCALL
CreateWindowExA  . . . . . . . .	P Near	 00000000 FLAT	Length= 00000000 External STDCALL
Crlf . . . . . . . . . . . . . .	P Near	 00000000 FLAT	Length= 00000000 External STDCALL
DefWindowProcA . . . . . . . . .	P Near	 00000000 FLAT	Length= 00000000 External STDCALL
Delay  . . . . . . . . . . . . .	P Near	 00000000 FLAT	Length= 00000000 External STDCALL
DispatchMessageA . . . . . . . .	P Near	 00000000 FLAT	Length= 00000000 External STDCALL
DumpMem  . . . . . . . . . . . .	P Near	 00000000 FLAT	Length= 00000000 External STDCALL
DumpRegs . . . . . . . . . . . .	P Near	 00000000 FLAT	Length= 00000000 External STDCALL
ExitProcess  . . . . . . . . . .	P Near	 00000000 FLAT	Length= 00000000 External STDCALL
FileTimeToDosDateTime  . . . . .	P Near	 00000000 FLAT	Length= 00000000 External STDCALL
FileTimeToSystemTime . . . . . .	P Near	 00000000 FLAT	Length= 00000000 External STDCALL
FlushConsoleInputBuffer  . . . .	P Near	 00000000 FLAT	Length= 00000000 External STDCALL
FormatMessageA . . . . . . . . .	P Near	 00000000 FLAT	Length= 00000000 External STDCALL
GetCommandLineA  . . . . . . . .	P Near	 00000000 FLAT	Length= 00000000 External STDCALL
GetCommandTail . . . . . . . . .	P Near	 00000000 FLAT	Length= 00000000 External STDCALL
GetConsoleCP . . . . . . . . . .	P Near	 00000000 FLAT	Length= 00000000 External STDCALL
GetConsoleCursorInfo . . . . . .	P Near	 00000000 FLAT	Length= 00000000 External STDCALL
GetConsoleMode . . . . . . . . .	P Near	 00000000 FLAT	Length= 00000000 External STDCALL
GetConsoleScreenBufferInfo . . .	P Near	 00000000 FLAT	Length= 00000000 External STDCALL
GetDateTime  . . . . . . . . . .	P Near	 00000000 FLAT	Length= 00000000 External STDCALL
GetFileTime  . . . . . . . . . .	P Near	 00000000 FLAT	Length= 00000000 External STDCALL
GetKeyState  . . . . . . . . . .	P Near	 00000000 FLAT	Length= 00000000 External STDCALL
GetLastError . . . . . . . . . .	P Near	 00000000 FLAT	Length= 00000000 External STDCALL
GetLocalTime . . . . . . . . . .	P Near	 00000000 FLAT	Length= 00000000 External STDCALL
GetMaxXY . . . . . . . . . . . .	P Near	 00000000 FLAT	Length= 00000000 External STDCALL
GetMessageA  . . . . . . . . . .	P Near	 00000000 FLAT	Length= 00000000 External STDCALL
GetModuleHandleA . . . . . . . .	P Near	 00000000 FLAT	Length= 00000000 External STDCALL
GetMseconds  . . . . . . . . . .	P Near	 00000000 FLAT	Length= 00000000 External STDCALL
GetNumberOfConsoleInputEvents  .	P Near	 00000000 FLAT	Length= 00000000 External STDCALL
GetProcessHeap . . . . . . . . .	P Near	 00000000 FLAT	Length= 00000000 External STDCALL
GetStdHandle . . . . . . . . . .	P Near	 00000000 FLAT	Length= 00000000 External STDCALL
GetSystemTime  . . . . . . . . .	P Near	 00000000 FLAT	Length= 00000000 External STDCALL
GetTextColor . . . . . . . . . .	P Near	 00000000 FLAT	Length= 00000000 External STDCALL
GetTickCount . . . . . . . . . .	P Near	 00000000 FLAT	Length= 00000000 External STDCALL
GetWindowDC  . . . . . . . . . .	P Near	 00000000 FLAT	Length= 00000000 External STDCALL
GetWindowRect  . . . . . . . . .	P Near	 00000000 FLAT	Length= 00000000 External STDCALL
Gotoxy . . . . . . . . . . . . .	P Near	 00000000 FLAT	Length= 00000000 External STDCALL
HeapAlloc  . . . . . . . . . . .	P Near	 00000000 FLAT	Length= 00000000 External STDCALL
HeapCreate . . . . . . . . . . .	P Near	 00000000 FLAT	Length= 00000000 External STDCALL
HeapDestroy  . . . . . . . . . .	P Near	 00000000 FLAT	Length= 00000000 External STDCALL
HeapFree . . . . . . . . . . . .	P Near	 00000000 FLAT	Length= 00000000 External STDCALL
HeapSize . . . . . . . . . . . .	P Near	 00000000 FLAT	Length= 00000000 External STDCALL
IsDigit  . . . . . . . . . . . .	P Near	 00000000 FLAT	Length= 00000000 External STDCALL
LoadCursorA  . . . . . . . . . .	P Near	 00000000 FLAT	Length= 00000000 External STDCALL
LoadIconA  . . . . . . . . . . .	P Near	 00000000 FLAT	Length= 00000000 External STDCALL
LocalFree  . . . . . . . . . . .	P Near	 00000000 FLAT	Length= 00000000 External STDCALL
MessageBoxA  . . . . . . . . . .	P Near	 00000000 FLAT	Length= 00000000 External STDCALL
MsgBoxAsk  . . . . . . . . . . .	P Near	 00000000 FLAT	Length= 00000000 External STDCALL
MsgBox . . . . . . . . . . . . .	P Near	 00000000 FLAT	Length= 00000000 External STDCALL
OpenInputFile  . . . . . . . . .	P Near	 00000000 FLAT	Length= 00000000 External STDCALL
ParseDecimal32 . . . . . . . . .	P Near	 00000000 FLAT	Length= 00000000 External STDCALL
ParseInteger32 . . . . . . . . .	P Near	 00000000 FLAT	Length= 00000000 External STDCALL
PeekConsoleInputA  . . . . . . .	P Near	 00000000 FLAT	Length= 00000000 External STDCALL
PlotApples . . . . . . . . . . .	P Near	 00000000 FLAT	Length= 00000000 External STDCALL
PlotBox  . . . . . . . . . . . .	P Near	 00000000 FLAT	Length= 00000000 External STDCALL
PlotObst . . . . . . . . . . . .	P Near	 00000000 FLAT	Length= 00000000 External STDCALL
PlotSnake  . . . . . . . . . . .	P Near	 00000000 FLAT	Length= 00000000 External STDCALL
PostQuitMessage  . . . . . . . .	P Near	 00000000 FLAT	Length= 00000000 External STDCALL
Random32 . . . . . . . . . . . .	P Near	 00000000 FLAT	Length= 00000000 External STDCALL
RandomRange  . . . . . . . . . .	P Near	 00000000 FLAT	Length= 00000000 External STDCALL
Randomize  . . . . . . . . . . .	P Near	 00000000 FLAT	Length= 00000000 External STDCALL
ReadChar . . . . . . . . . . . .	P Near	 00000000 FLAT	Length= 00000000 External STDCALL
ReadConsoleA . . . . . . . . . .	P Near	 00000000 FLAT	Length= 00000000 External STDCALL
ReadConsoleInputA  . . . . . . .	P Near	 00000000 FLAT	Length= 00000000 External STDCALL
ReadDec  . . . . . . . . . . . .	P Near	 00000000 FLAT	Length= 00000000 External STDCALL
ReadFile . . . . . . . . . . . .	P Near	 00000000 FLAT	Length= 00000000 External STDCALL
ReadFloat  . . . . . . . . . . .	P Near	 00000000 FLAT	Length= 00000000 External STDCALL
ReadFromFile . . . . . . . . . .	P Near	 00000000 FLAT	Length= 00000000 External STDCALL
ReadHex  . . . . . . . . . . . .	P Near	 00000000 FLAT	Length= 00000000 External STDCALL
ReadInt  . . . . . . . . . . . .	P Near	 00000000 FLAT	Length= 00000000 External STDCALL
ReadKeyFlush . . . . . . . . . .	P Near	 00000000 FLAT	Length= 00000000 External STDCALL
ReadKey  . . . . . . . . . . . .	P Near	 00000000 FLAT	Length= 00000000 External STDCALL
ReadString . . . . . . . . . . .	P Near	 00000000 FLAT	Length= 00000000 External STDCALL
RegisterClassA . . . . . . . . .	P Near	 00000000 FLAT	Length= 00000000 External STDCALL
Select_Load_Stage  . . . . . . .	P Near	 00000642 _TEXT	Length= 00000348 Public STDCALL
  chooseStage  . . . . . . . . .	L Near	 00000642 _TEXT	
  file_not_ok  . . . . . . . . .	L Near	 0000070B _TEXT	
  file_ok  . . . . . . . . . . .	L Near	 00000732 _TEXT	
  check_Buffer_Size  . . . . . .	L Near	 00000759 _TEXT	
  buf_size_ok  . . . . . . . . .	L Near	 00000771 _TEXT	
  readEachChar . . . . . . . . .	L Near	 000007AB _TEXT	
  loadSnakeX . . . . . . . . . .	L Near	 00000852 _TEXT	
  loadSnakeY . . . . . . . . . .	L Near	 00000860 _TEXT	
  loadObsX . . . . . . . . . . .	L Near	 00000883 _TEXT	
  loadObsY . . . . . . . . . . .	L Near	 0000088F _TEXT	
  loadGoalX  . . . . . . . . . .	L Near	 000008B2 _TEXT	
  loadGoalY  . . . . . . . . . .	L Near	 000008BD _TEXT	
  loadAppleX . . . . . . . . . .	L Near	 000008C8 _TEXT	
  loadAppleY . . . . . . . . . .	L Near	 000008D4 _TEXT	
  loadBoxesX . . . . . . . . . .	L Near	 000008F4 _TEXT	
  loadBoxesY . . . . . . . . . .	L Near	 000008FD _TEXT	
  loadTrapX  . . . . . . . . . .	L Near	 00000916 _TEXT	
  loadTrapY  . . . . . . . . . .	L Near	 0000091F _TEXT	
  notNUM . . . . . . . . . . . .	L Near	 0000093F _TEXT	
  casePosY . . . . . . . . . . .	L Near	 00000969 _TEXT	
  caseNextPos  . . . . . . . . .	L Near	 0000096E _TEXT	
  looping  . . . . . . . . . . .	L Near	 00000973 _TEXT	
  close_File . . . . . . . . . .	L Near	 0000097F _TEXT	
  quit . . . . . . . . . . . . .	L Near	 00000989 _TEXT	
SetConsoleCursorInfo . . . . . .	P Near	 00000000 FLAT	Length= 00000000 External STDCALL
SetConsoleCursorPosition . . . .	P Near	 00000000 FLAT	Length= 00000000 External STDCALL
SetConsoleMode . . . . . . . . .	P Near	 00000000 FLAT	Length= 00000000 External STDCALL
SetConsoleScreenBufferSize . . .	P Near	 00000000 FLAT	Length= 00000000 External STDCALL
SetConsoleTextAttribute  . . . .	P Near	 00000000 FLAT	Length= 00000000 External STDCALL
SetConsoleTitleA . . . . . . . .	P Near	 00000000 FLAT	Length= 00000000 External STDCALL
SetConsoleWindowInfo . . . . . .	P Near	 00000000 FLAT	Length= 00000000 External STDCALL
SetFilePointer . . . . . . . . .	P Near	 00000000 FLAT	Length= 00000000 External STDCALL
SetLocalTime . . . . . . . . . .	P Near	 00000000 FLAT	Length= 00000000 External STDCALL
SetTextColor . . . . . . . . . .	P Near	 00000000 FLAT	Length= 00000000 External STDCALL
ShowFPUStack . . . . . . . . . .	P Near	 00000000 FLAT	Length= 00000000 External STDCALL
ShowWindow . . . . . . . . . . .	P Near	 00000000 FLAT	Length= 00000000 External STDCALL
Sleep  . . . . . . . . . . . . .	P Near	 00000000 FLAT	Length= 00000000 External STDCALL
StrLength  . . . . . . . . . . .	P Near	 00000000 FLAT	Length= 00000000 External STDCALL
Str_compare  . . . . . . . . . .	P Near	 00000000 FLAT	Length= 00000000 External STDCALL
Str_copy . . . . . . . . . . . .	P Near	 00000000 FLAT	Length= 00000000 External STDCALL
Str_length . . . . . . . . . . .	P Near	 00000000 FLAT	Length= 00000000 External STDCALL
Str_trim . . . . . . . . . . . .	P Near	 00000000 FLAT	Length= 00000000 External STDCALL
Str_ucase  . . . . . . . . . . .	P Near	 00000000 FLAT	Length= 00000000 External STDCALL
SystemTimeToFileTime . . . . . .	P Near	 00000000 FLAT	Length= 00000000 External STDCALL
UpdateWindow . . . . . . . . . .	P Near	 00000000 FLAT	Length= 00000000 External STDCALL
WaitMsg  . . . . . . . . . . . .	P Near	 00000000 FLAT	Length= 00000000 External STDCALL
WriteBinB  . . . . . . . . . . .	P Near	 00000000 FLAT	Length= 00000000 External STDCALL
WriteBin . . . . . . . . . . . .	P Near	 00000000 FLAT	Length= 00000000 External STDCALL
WriteChar  . . . . . . . . . . .	P Near	 00000000 FLAT	Length= 00000000 External STDCALL
WriteConsoleA  . . . . . . . . .	P Near	 00000000 FLAT	Length= 00000000 External STDCALL
WriteConsoleOutputAttribute  . .	P Near	 00000000 FLAT	Length= 00000000 External STDCALL
WriteConsoleOutputCharacterA . .	P Near	 00000000 FLAT	Length= 00000000 External STDCALL
WriteConsoleW  . . . . . . . . .	P Near	 00000000 FLAT	Length= 00000000 External STDCALL
WriteDec . . . . . . . . . . . .	P Near	 00000000 FLAT	Length= 00000000 External STDCALL
WriteFile  . . . . . . . . . . .	P Near	 00000000 FLAT	Length= 00000000 External STDCALL
WriteFloat . . . . . . . . . . .	P Near	 00000000 FLAT	Length= 00000000 External STDCALL
WriteHexB  . . . . . . . . . . .	P Near	 00000000 FLAT	Length= 00000000 External STDCALL
WriteHex . . . . . . . . . . . .	P Near	 00000000 FLAT	Length= 00000000 External STDCALL
WriteInt . . . . . . . . . . . .	P Near	 00000000 FLAT	Length= 00000000 External STDCALL
WriteStackFrameName  . . . . . .	P Near	 00000000 FLAT	Length= 00000000 External STDCALL
WriteStackFrame  . . . . . . . .	P Near	 00000000 FLAT	Length= 00000000 External STDCALL
WriteString  . . . . . . . . . .	P Near	 00000000 FLAT	Length= 00000000 External STDCALL
WriteToFile  . . . . . . . . . .	P Near	 00000000 FLAT	Length= 00000000 External STDCALL
WriteWindowsMsg  . . . . . . . .	P Near	 00000000 FLAT	Length= 00000000 External STDCALL
printf . . . . . . . . . . . . .	P Near	 00000000 FLAT	Length= 00000000 External C
scanf  . . . . . . . . . . . . .	P Near	 00000000 FLAT	Length= 00000000 External C
start@0  . . . . . . . . . . . .	P Near	 00000000 _TEXT	Length= 00000642 Public STDCALL
  TITLE_SCREEN . . . . . . . . .	L Near	 0000000C _TEXT	
  SELECT_STAGE . . . . . . . . .	L Near	 00000022 _TEXT	
  MAIN_LOOP  . . . . . . . . . .	L Near	 00000031 _TEXT	
  INPUT  . . . . . . . . . . . .	L Near	 000000E8 _TEXT	
  CHECK_INTERSECTING . . . . . .	L Near	 0000015E _TEXT	
  BOX_COLLISION_CHECK  . . . . .	L Near	 000001D4 _TEXT	
  BB_COLL  . . . . . . . . . . .	L Near	 00000258 _TEXT	
  CONT_BB_COLL . . . . . . . . .	L Near	 0000026F _TEXT	
  BA_COLL  . . . . . . . . . . .	L Near	 0000027F _TEXT	
  CONT_BA_COLL . . . . . . . . .	L Near	 00000296 _TEXT	
  ORI_VAL  . . . . . . . . . . .	L Near	 000002B4 _TEXT	
  CONT_BOX_COLLISION . . . . . .	L Near	 00000304 _TEXT	
  CHECK_BORDER . . . . . . . . .	L Near	 00000310 _TEXT	
  UPDATE_POS . . . . . . . . . .	L Near	 00000335 _TEXT	
  UPDATE_LOOP  . . . . . . . . .	L Near	 00000340 _TEXT	
  NO_UPDATE  . . . . . . . . . .	L Near	 000003AB _TEXT	
  APPLE_EATEN  . . . . . . . . .	L Near	 000003B6 _TEXT	
  CONTINUE_APPLE . . . . . . . .	L Near	 0000041B _TEXT	
  CHECK_GOAL . . . . . . . . . .	L Near	 00000420 _TEXT	
  CHECK_SUPP . . . . . . . . . .	L Near	 00000446 _TEXT	
  LOOP_SUPP  . . . . . . . . . .	L Near	 00000508 _TEXT	
  SUPP_OBST  . . . . . . . . . .	L Near	 00000525 _TEXT	
  CONT_OBST  . . . . . . . . . .	L Near	 0000054A _TEXT	
  SUPP_APPLE . . . . . . . . . .	L Near	 0000055A _TEXT	
  CONT_APPLE_SUPP  . . . . . . .	L Near	 00000577 _TEXT	
  SUPP_BOX . . . . . . . . . . .	L Near	 00000587 _TEXT	
  CONT_BOX_SUPP  . . . . . . . .	L Near	 0000059B _TEXT	
  SUPP_GOAL  . . . . . . . . . .	L Near	 000005A0 _TEXT	
  CONT_SUPP  . . . . . . . . . .	L Near	 000005B4 _TEXT	
  GRAVITY  . . . . . . . . . . .	L Near	 000005C7 _TEXT	
  LOOP_GRAVITY . . . . . . . . .	L Near	 000005D2 _TEXT	
  SUPPORTED  . . . . . . . . . .	L Near	 000005F6 _TEXT	
  NEXT_LOOP  . . . . . . . . . .	L Near	 000005F6 _TEXT	
  FINISH . . . . . . . . . . . .	L Near	 000005FB _TEXT	
  GAMEOVER . . . . . . . . . . .	L Near	 00000616 _TEXT	
  END_FUNC . . . . . . . . . . .	L Near	 00000631 _TEXT	
wsprintfA  . . . . . . . . . . .	P Near	 00000000 FLAT	Length= 00000000 External C


Symbols:

                N a m e                 Type     Value    Attr

??0000 . . . . . . . . . . . . .	Byte	 000015D8 _DATA	
??0001 . . . . . . . . . . . . .	Byte	 000015E7 _DATA	
??0002 . . . . . . . . . . . . .	Byte	 000015FA _DATA	
??0003 . . . . . . . . . . . . .	Byte	 00001605 _DATA	
??0004 . . . . . . . . . . . . .	Byte	 0000162A _DATA	
??0005 . . . . . . . . . . . . .	Byte	 00001654 _DATA	
??0006 . . . . . . . . . . . . .	Byte	 00001665 _DATA	
??0007 . . . . . . . . . . . . .	Byte	 00001668 _DATA	
??0008 . . . . . . . . . . . . .	Byte	 0000167B _DATA	
??0009 . . . . . . . . . . . . .	Byte	 00001690 _DATA	
@CodeSize  . . . . . . . . . . .	Number	 00000000h   
@DataSize  . . . . . . . . . . .	Number	 00000000h   
@Interface . . . . . . . . . . .	Number	 00000003h   
@Model . . . . . . . . . . . . .	Number	 00000007h   
@code  . . . . . . . . . . . . .	Text   	 _TEXT
@data  . . . . . . . . . . . . .	Text   	 FLAT
@fardata?  . . . . . . . . . . .	Text   	 FLAT
@fardata . . . . . . . . . . . .	Text   	 FLAT
@stack . . . . . . . . . . . . .	Text   	 FLAT
ALT_MASK . . . . . . . . . . . .	Number	 00000003h   
BufferSize . . . . . . . . . . .	Number	 00001388h   
CAPSLOCK_ON  . . . . . . . . . .	Number	 00000080h   
COLOR_BACKGROUND . . . . . . . .	Number	 00000002h   
COLOR_WINDOW . . . . . . . . . .	Number	 00000005h   
CREATE_ALWAYS  . . . . . . . . .	Number	 00000002h   
CREATE_NEW . . . . . . . . . . .	Number	 00000001h   
CTRL_MASK  . . . . . . . . . . .	Number	 0000000Ch   
CW_USEDEFAULT  . . . . . . . . .	Number	 -80000000h   
CreateFile . . . . . . . . . . .	Text   	 CreateFileA
CreateWindowEx . . . . . . . . .	Text   	 CreateWindowExA
DO_NOT_SHARE . . . . . . . . . .	Number	 00000000h   
DefWindowProc  . . . . . . . . .	Text   	 DefWindowProcA
DispatchMessage  . . . . . . . .	Text   	 DispatchMessageA
ENABLE_ECHO_INPUT  . . . . . . .	Number	 00000004h   
ENABLE_LINE_INPUT  . . . . . . .	Number	 00000002h   
ENABLE_MOUSE_INPUT . . . . . . .	Number	 00000010h   
ENABLE_PROCESSED_INPUT . . . . .	Number	 00000001h   
ENABLE_PROCESSED_OUTPUT  . . . .	Number	 00000001h   
ENABLE_WINDOW_INPUT  . . . . . .	Number	 00000008h   
ENABLE_WRAP_AT_EOL_OUTPUT  . . .	Number	 00000002h   
ENHANCED_KEY . . . . . . . . . .	Number	 00000100h   
FALSE  . . . . . . . . . . . . .	Number	 00000000h   
FILE_APPEND_DATA . . . . . . . .	Number	 00000004h   
FILE_ATTRIBUTE_ARCHIVE . . . . .	Number	 00000020h   
FILE_ATTRIBUTE_COMPRESSED  . . .	Number	 00000800h   
FILE_ATTRIBUTE_DEVICE  . . . . .	Number	 00000040h   
FILE_ATTRIBUTE_DIRECTORY . . . .	Number	 00000010h   
FILE_ATTRIBUTE_ENCRYPTED . . . .	Number	 00004000h   
FILE_ATTRIBUTE_HIDDEN  . . . . .	Number	 00000002h   
FILE_ATTRIBUTE_NORMAL  . . . . .	Number	 00000080h   
FILE_ATTRIBUTE_NOT_CONTENT_INDEXED .	Number	 00002000h   
FILE_ATTRIBUTE_OFFLINE . . . . .	Number	 00001000h   
FILE_ATTRIBUTE_READONLY  . . . .	Number	 00000001h   
FILE_ATTRIBUTE_REPARSE_POINT . .	Number	 00000400h   
FILE_ATTRIBUTE_SPARSE_FILE . . .	Number	 00000200h   
FILE_ATTRIBUTE_SYSTEM  . . . . .	Number	 00000004h   
FILE_ATTRIBUTE_TEMPORARY . . . .	Number	 00000100h   
FILE_BEGIN . . . . . . . . . . .	Number	 00000000h   
FILE_CURRENT . . . . . . . . . .	Number	 00000001h   
FILE_DELETE_CHILD  . . . . . . .	Number	 00000040h   
FILE_END . . . . . . . . . . . .	Number	 00000002h   
FILE_READ_DATA . . . . . . . . .	Number	 00000001h   
FILE_SHARE_DELETE  . . . . . . .	Number	 00000004h   
FILE_SHARE_READ  . . . . . . . .	Number	 00000001h   
FILE_SHARE_WRITE . . . . . . . .	Number	 00000002h   
FILE_WRITE_DATA  . . . . . . . .	Number	 00000002h   
FOCUS_EVENT  . . . . . . . . . .	Number	 00000010h   
FORMAT_MESSAGE_ALLOCATE_BUFFER .	Number	 00000100h   
FORMAT_MESSAGE_FROM_SYSTEM . . .	Number	 00001000h   
FormatMessage  . . . . . . . . .	Text   	 FormatMessageA
GENERIC_ALL  . . . . . . . . . .	Number	 10000000h   
GENERIC_EXECUTE  . . . . . . . .	Number	 20000000h   
GENERIC_READ . . . . . . . . . .	Number	 -80000000h   
GENERIC_WRITE  . . . . . . . . .	Number	 40000000h   
GetCommandLine . . . . . . . . .	Text   	 GetCommandLineA
GetMessage . . . . . . . . . . .	Text   	 GetMessageA
GetModuleHandle  . . . . . . . .	Text   	 GetModuleHandleA
HANDLE . . . . . . . . . . . . .	Text   	 DWORD
HEAP_GENERATE_EXCEPTIONS . . . .	Number	 00000004h   
HEAP_GROWABLE  . . . . . . . . .	Number	 00000002h   
HEAP_NO_SERIALIZE  . . . . . . .	Number	 00000001h   
HEAP_REALLOC_IN_PLACE_ONLY . . .	Number	 00000010h   
HEAP_ZERO_MEMORY . . . . . . . .	Number	 00000008h   
IDABORT  . . . . . . . . . . . .	Number	 00000003h   
IDCANCEL . . . . . . . . . . . .	Number	 00000002h   
IDCLOSE  . . . . . . . . . . . .	Number	 00000008h   
IDCONTINUE . . . . . . . . . . .	Number	 0000000Bh   
IDC_ARROW  . . . . . . . . . . .	Number	 00007F00h   
IDHELP . . . . . . . . . . . . .	Number	 00000009h   
IDIGNORE . . . . . . . . . . . .	Number	 00000005h   
IDI_APPLICATION  . . . . . . . .	Number	 00007F00h   
IDNO . . . . . . . . . . . . . .	Number	 00000007h   
IDOK . . . . . . . . . . . . . .	Number	 00000001h   
IDRETRY  . . . . . . . . . . . .	Number	 00000004h   
IDTIMEOUT  . . . . . . . . . . .	Number	 00007D00h   
IDTRYAGAIN . . . . . . . . . . .	Number	 0000000Ah   
IDYES  . . . . . . . . . . . . .	Number	 00000006h   
INVALID_HANDLE_VALUE . . . . . .	Number	 -00000001h   
KBDOWN_FLAG  . . . . . . . . . .	Number	 00000001h   
KEY_EVENT  . . . . . . . . . . .	Number	 00000001h   
KEY_MASKS  . . . . . . . . . . .	Number	 0000001Fh   
LEFT_ALT_PRESSED . . . . . . . .	Number	 00000002h   
LEFT_CTRL_PRESSED  . . . . . . .	Number	 00000008h   
LoadCursor . . . . . . . . . . .	Text   	 LoadCursorA
LoadIcon . . . . . . . . . . . .	Text   	 LoadIconA
MAIN_WINDOW_STYLE  . . . . . . .	Number	 118F0000h   
MB_ABORTRETRYIGNORE  . . . . . .	Number	 00000002h   
MB_APPLMODAL . . . . . . . . . .	Number	 00000000h   
MB_CANCELTRYCONTINUE . . . . . .	Number	 00000006h   
MB_DEFBUTTON1  . . . . . . . . .	Number	 00000000h   
MB_DEFBUTTON2  . . . . . . . . .	Number	 00000100h   
MB_DEFBUTTON3  . . . . . . . . .	Number	 00000200h   
MB_DEFBUTTON4  . . . . . . . . .	Number	 00000300h   
MB_HELP  . . . . . . . . . . . .	Number	 00004000h   
MB_ICONASTERISK  . . . . . . . .	Number	 00000040h   
MB_ICONERROR . . . . . . . . . .	Number	 00000010h   
MB_ICONEXCLAMATION . . . . . . .	Number	 00000030h   
MB_ICONHAND  . . . . . . . . . .	Number	 00000010h   
MB_ICONINFORMATION . . . . . . .	Number	 00000040h   
MB_ICONQUESTION  . . . . . . . .	Number	 00000020h   
MB_ICONSTOP  . . . . . . . . . .	Number	 00000010h   
MB_ICONWARNING . . . . . . . . .	Number	 00000030h   
MB_OKCANCEL  . . . . . . . . . .	Number	 00000001h   
MB_OK  . . . . . . . . . . . . .	Number	 00000000h   
MB_RETRYCANCEL . . . . . . . . .	Number	 00000005h   
MB_SYSTEMMODAL . . . . . . . . .	Number	 00001000h   
MB_TASKMODAL . . . . . . . . . .	Number	 00002000h   
MB_USERICON  . . . . . . . . . .	Number	 00000080h   
MB_YESNOCANCEL . . . . . . . . .	Number	 00000003h   
MB_YESNO . . . . . . . . . . . .	Number	 00000004h   
MENU_EVENT . . . . . . . . . . .	Number	 00000008h   
MOUSE_EVENT  . . . . . . . . . .	Number	 00000002h   
MessageBox . . . . . . . . . . .	Text   	 MessageBoxA
NULL . . . . . . . . . . . . . .	Number	 00000000h   
NUMLOCK_ON . . . . . . . . . . .	Number	 00000020h   
OPEN_ALWAYS  . . . . . . . . . .	Number	 00000004h   
OPEN_EXISTING  . . . . . . . . .	Number	 00000003h   
PeekConsoleInput . . . . . . . .	Text   	 PeekConsoleInputA
RIGHT_ALT_PRESSED  . . . . . . .	Number	 00000001h   
RIGHT_CTRL_PRESSED . . . . . . .	Number	 00000004h   
ReadConsoleInput . . . . . . . .	Text   	 ReadConsoleInputA
ReadConsole  . . . . . . . . . .	Text   	 ReadConsoleA
RegisterClass  . . . . . . . . .	Text   	 RegisterClassA
SCROLLLOCK_ON  . . . . . . . . .	Number	 00000040h   
SHIFT_MASK . . . . . . . . . . .	Number	 00000010h   
SHIFT_PRESSED  . . . . . . . . .	Number	 00000010h   
STD_ERROR_HANDLE . . . . . . . .	Number	 -0000000Ch   
STD_INPUT_HANDLE . . . . . . . .	Number	 -0000000Ah   
STD_OUTPUT_HANDLE  . . . . . . .	Number	 -0000000Bh   
SW_SHOW  . . . . . . . . . . . .	Number	 00000005h   
SetConsoleTitle  . . . . . . . .	Text   	 SetConsoleTitleA
TAB  . . . . . . . . . . . . . .	Number	 00000009h   
TRUE . . . . . . . . . . . . . .	Number	 00000001h   
TRUNCATE_EXISTING  . . . . . . .	Number	 00000005h   
VK_11  . . . . . . . . . . . . .	Number	 000000BDh   
VK_12  . . . . . . . . . . . . .	Number	 000000BBh   
VK_ADD . . . . . . . . . . . . .	Number	 0000006Bh   
VK_BACK  . . . . . . . . . . . .	Number	 00000008h   
VK_CANCEL  . . . . . . . . . . .	Number	 00000003h   
VK_CAPITAL . . . . . . . . . . .	Number	 00000014h   
VK_CLEAR . . . . . . . . . . . .	Number	 0000000Ch   
VK_CONTROL . . . . . . . . . . .	Number	 00000011h   
VK_DECIMAL . . . . . . . . . . .	Number	 0000006Eh   
VK_DELETE  . . . . . . . . . . .	Number	 0000002Eh   
VK_DIVIDE  . . . . . . . . . . .	Number	 0000006Fh   
VK_DOWN  . . . . . . . . . . . .	Number	 00000028h   
VK_END . . . . . . . . . . . . .	Number	 00000023h   
VK_ESCAPE  . . . . . . . . . . .	Number	 0000001Bh   
VK_EXECUTE . . . . . . . . . . .	Number	 0000002Bh   
VK_F10 . . . . . . . . . . . . .	Number	 00000079h   
VK_F11 . . . . . . . . . . . . .	Number	 0000007Ah   
VK_F12 . . . . . . . . . . . . .	Number	 0000007Bh   
VK_F13 . . . . . . . . . . . . .	Number	 0000007Ch   
VK_F14 . . . . . . . . . . . . .	Number	 0000007Dh   
VK_F15 . . . . . . . . . . . . .	Number	 0000007Eh   
VK_F16 . . . . . . . . . . . . .	Number	 0000007Fh   
VK_F17 . . . . . . . . . . . . .	Number	 00000080h   
VK_F18 . . . . . . . . . . . . .	Number	 00000081h   
VK_F19 . . . . . . . . . . . . .	Number	 00000082h   
VK_F1  . . . . . . . . . . . . .	Number	 00000070h   
VK_F20 . . . . . . . . . . . . .	Number	 00000083h   
VK_F21 . . . . . . . . . . . . .	Number	 00000084h   
VK_F22 . . . . . . . . . . . . .	Number	 00000085h   
VK_F23 . . . . . . . . . . . . .	Number	 00000086h   
VK_F24 . . . . . . . . . . . . .	Number	 00000087h   
VK_F2  . . . . . . . . . . . . .	Number	 00000071h   
VK_F3  . . . . . . . . . . . . .	Number	 00000072h   
VK_F4  . . . . . . . . . . . . .	Number	 00000073h   
VK_F5  . . . . . . . . . . . . .	Number	 00000074h   
VK_F6  . . . . . . . . . . . . .	Number	 00000075h   
VK_F7  . . . . . . . . . . . . .	Number	 00000076h   
VK_F8  . . . . . . . . . . . . .	Number	 00000077h   
VK_F9  . . . . . . . . . . . . .	Number	 00000078h   
VK_HELP  . . . . . . . . . . . .	Number	 0000002Fh   
VK_HOME  . . . . . . . . . . . .	Number	 00000024h   
VK_INSERT  . . . . . . . . . . .	Number	 0000002Dh   
VK_LBUTTON . . . . . . . . . . .	Number	 00000001h   
VK_LCONTROL  . . . . . . . . . .	Number	 000000A2h   
VK_LEFT  . . . . . . . . . . . .	Number	 00000025h   
VK_LMENU . . . . . . . . . . . .	Number	 000000A4h   
VK_LSHIFT  . . . . . . . . . . .	Number	 000000A0h   
VK_MENU  . . . . . . . . . . . .	Number	 00000012h   
VK_MULTIPLY  . . . . . . . . . .	Number	 0000006Ah   
VK_NEXT  . . . . . . . . . . . .	Number	 00000022h   
VK_NUMLOCK . . . . . . . . . . .	Number	 00000090h   
VK_NUMPAD0 . . . . . . . . . . .	Number	 00000060h   
VK_NUMPAD1 . . . . . . . . . . .	Number	 00000061h   
VK_NUMPAD2 . . . . . . . . . . .	Number	 00000062h   
VK_NUMPAD3 . . . . . . . . . . .	Number	 00000063h   
VK_NUMPAD4 . . . . . . . . . . .	Number	 00000064h   
VK_NUMPAD5 . . . . . . . . . . .	Number	 00000065h   
VK_NUMPAD6 . . . . . . . . . . .	Number	 00000066h   
VK_NUMPAD7 . . . . . . . . . . .	Number	 00000067h   
VK_NUMPAD8 . . . . . . . . . . .	Number	 00000068h   
VK_NUMPAD9 . . . . . . . . . . .	Number	 00000069h   
VK_PAUSE . . . . . . . . . . . .	Number	 00000013h   
VK_PRINT . . . . . . . . . . . .	Number	 0000002Ah   
VK_PRIOR . . . . . . . . . . . .	Number	 00000021h   
VK_RBUTTON . . . . . . . . . . .	Number	 00000002h   
VK_RCONTROL  . . . . . . . . . .	Number	 000000A3h   
VK_RETURN  . . . . . . . . . . .	Number	 0000000Dh   
VK_RIGHT . . . . . . . . . . . .	Number	 00000027h   
VK_RMENU . . . . . . . . . . . .	Number	 000000A5h   
VK_RSHIFT  . . . . . . . . . . .	Number	 000000A1h   
VK_SCROLL  . . . . . . . . . . .	Number	 00000091h   
VK_SEPARATER . . . . . . . . . .	Number	 0000006Ch   
VK_SHIFT . . . . . . . . . . . .	Number	 00000010h   
VK_SNAPSHOT  . . . . . . . . . .	Number	 0000002Ch   
VK_SPACE . . . . . . . . . . . .	Number	 00000020h   
VK_SUBTRACT  . . . . . . . . . .	Number	 0000006Dh   
VK_TAB . . . . . . . . . . . . .	Number	 00000009h   
VK_UP  . . . . . . . . . . . . .	Number	 00000026h   
WINDOW_BUFFER_SIZE_EVENT . . . .	Number	 00000004h   
WM_CLOSE . . . . . . . . . . . .	Number	 00000010h   
WM_CREATE  . . . . . . . . . . .	Number	 00000001h   
WM_LBUTTONDOWN . . . . . . . . .	Number	 00000201h   
WS_BORDER  . . . . . . . . . . .	Number	 00800000h   
WS_CAPTION . . . . . . . . . . .	Number	 00C00000h   
WS_DLGFRAME  . . . . . . . . . .	Number	 00400000h   
WS_MAXIMIZEBOX . . . . . . . . .	Number	 00010000h   
WS_MINIMIZEBOX . . . . . . . . .	Number	 00020000h   
WS_OVERLAPPED  . . . . . . . . .	Number	 00000000h   
WS_SYSMENU . . . . . . . . . . .	Number	 00080000h   
WS_THICKFRAME  . . . . . . . . .	Number	 00040000h   
WS_VISIBLE . . . . . . . . . . .	Number	 10000000h   
WriteConsoleOutputCharacter  . .	Text   	 WriteConsoleOutputCharacterA
WriteConsole . . . . . . . . . .	Text   	 WriteConsoleA
appleLen . . . . . . . . . . . .	DWord	 000014B0 _DATA	
apples . . . . . . . . . . . . .	APPLE	 00001465 _DATA	
black  . . . . . . . . . . . . .	Number	 00000000h   
blue . . . . . . . . . . . . . .	Number	 00000001h   
boxLen . . . . . . . . . . . . .	DWord	 000015BC _DATA	
boxes  . . . . . . . . . . . . .	COORD	 00001580 _DATA	
brown  . . . . . . . . . . . . .	Number	 00000006h   
buffer . . . . . . . . . . . . .	Byte	 00000000 _DATA	
consoleHandle  . . . . . . . . .	DWord	 00001406 _DATA	
cyan . . . . . . . . . . . . . .	Number	 00000003h   
exit . . . . . . . . . . . . . .	Text   	 INVOKE ExitProcess,0
fileHandle . . . . . . . . . . .	DWord	 00001402 _DATA	
fileInput  . . . . . . . . . . .	Byte	 00001388 _DATA	
filename . . . . . . . . . . . .	Byte	 000013EC _DATA	
fullBlock  . . . . . . . . . . .	Word	 0000140A _DATA	
goal . . . . . . . . . . . . . .	COORD	 000015C0 _DATA	
gray . . . . . . . . . . . . . .	Number	 00000008h   
green  . . . . . . . . . . . . .	Number	 00000002h   
lastPos  . . . . . . . . . . . .	BLOCK	 000015C4 _DATA	
lightBlue  . . . . . . . . . . .	Number	 00000009h   
lightCyan  . . . . . . . . . . .	Number	 0000000Bh   
lightGray  . . . . . . . . . . .	Number	 00000007h   
lightGreen . . . . . . . . . . .	Number	 0000000Ah   
lightMagenta . . . . . . . . . .	Number	 0000000Dh   
lightRed . . . . . . . . . . . .	Number	 0000000Ch   
magenta  . . . . . . . . . . . .	Number	 00000005h   
main . . . . . . . . . . . . . .	Text   	 start@0
obstacleLen  . . . . . . . . . .	DWord	 0000157C _DATA	
obstacles  . . . . . . . . . . .	OBSTACLE  000014B4 _DATA	
red  . . . . . . . . . . . . . .	Number	 00000004h   
scr_height . . . . . . . . . . .	Byte	 00001410 _DATA	
scr_width  . . . . . . . . . . .	Byte	 00001411 _DATA	
snakeLen . . . . . . . . . . . .	DWord	 00001461 _DATA	
snake  . . . . . . . . . . . . .	BLOCK	 00001416 _DATA	
stageLine0 . . . . . . . . . . .	COORD	 000015C9 _DATA	
stageLine1 . . . . . . . . . . .	COORD	 000015CD _DATA	
stageLine2 . . . . . . . . . . .	COORD	 000015D1 _DATA	
stageText  . . . . . . . . . . .	Byte	 000015D5 _DATA	
white  . . . . . . . . . . . . .	Number	 0000000Fh   
written  . . . . . . . . . . . .	DWord	 00001412 _DATA	
wsprintf . . . . . . . . . . . .	Text   	 wsprintfA
yellow . . . . . . . . . . . . .	Number	 0000000Eh   

	   0 Warnings
	   0 Errors
