Microsoft (R) Macro Assembler Version 6.11		    12/06/25 11:02:14
src\ReadFileff.asm					     Page 1 - 1


				INCLUDE Irvine32.inc
			      C ; Include file for Irvine32.lib             (Irvine32.inc)
			      C 
			      C ;OPTION CASEMAP:NONE		; optional: make identifiers case-sensitive
			      C 
			      C INCLUDE SmallWin.inc		; MS-Windows prototypes, structures, and constants
			      C .NOLIST
			      C .LIST
			      C 
			      C INCLUDE VirtualKeys.inc
			      C ; VirtualKeys.inc
			      C .NOLIST
			      C .LIST
			      C 
			      C 
			      C .NOLIST
			      C .LIST
			      C 
				INCLUDE Macros.inc 
			      C .NOLIST
			      C .LIST
			      C 
				INCLUDE ReadFileff.inc
			      C readFileff PROTO
			      C 
				INCLUDE DataFormat.inc
			      C ; basic unit of snake
			      C ; dir: 0 RIGHT, 1 UP, 2 LEFT, 3 DOWN
 00000005		      C BLOCK STRUCT
 00000000  0000 0000	      C     pos COORD <> 
 00000004  00		      C     dir BYTE ?
			      C BLOCK ENDS
			      C 
			      C ; apple
 00000005		      C APPLE STRUCT
 00000000  0000 0000	      C     pos COORD <>
 00000004  00		      C     eaten BYTE 0
			      C APPLE ENDS
			      C 
			      C ; obstacle
 00000005		      C OBSTACLE STRUCT
 00000000  0000 0000	      C     pos COORD <>
 00000004  00		      C     harmful BYTE ?
			      C OBSTACLE ENDS
			      C 
				EXTERN snake:BYTE, snakeLen:DWORD
				EXTERN obstacles:BYTE, obstacleLen:DWORD
				EXTERN apples:BYTE, appleLen:DWORD
				EXTERN goal:BYTE
				EXTERN BufferSize:DWORD, filename:BYTE, fileInput:BYTE, buffer:BYTE, fileHandle:DWORD

 00000000			.DATA

 00000000			.CODE
 00000000			readFileff PROC
 00000000			chooseStage:
				    mWrite <"choose your stage (eg 01, 02, ..., 99) : ">
 00000000		     1		.data		
 00000000 63 68 6F 6F 73     1		??0000 BYTE "choose your stage (eg 01, 02, ..., 99) : ",0	
	   65 20 79 6F 75
	   72 20 73 74 61
	   67 65 20 28 65
	   67 20 30 31 2C
	   20 30 32 2C 20
	   2E 2E 2E 2C 20
	   39 39 29 20 3A
	   20 00
 00000000		     1		.code
 00000000  52		     1		push	edx
 00000001  BA 00000000 R     1		mov	edx,OFFSET ??0000
 00000006  E8 00000000 E     1		call	WriteString
 0000000B  5A		     1		pop	edx
 0000000C  BA 00000000 E		mov edx, offset fileInput
 00000011  B9 00000001			mov ecx, sizeof fileInput
 00000016  E8 00000000 E		call ReadString
					
 0000001B  B9 00000001			mov ecx, sizeof fileInput 
 00000020  BF 00000000 E		mov edi, offset fileInput
 00000025  B0 00			mov al, 0 
 00000027  F2/ AE			repne scasb
 00000029  BB 00000001			mov ebx, sizeof fileInput
 0000002E  2B D9		    sub ebx, ecx
 00000030  4B			    dec ebx ; get lenghof fileInput
 00000031  83 FB 02			cmp ebx, 2
 00000034  75 3E			jne file_not_ok
					
					; handle full filename
 00000036  A0 00000000 E		mov al, fileInput[0]
 0000003B  A2 0000000E E		mov filename[14], al
 00000040  A0 00000001 E		mov al, fileInput[1]
 00000045  A2 0000000F E		mov filename[15], al
					
 0000004A  BA 00000000 E		mov edx, offset filename
 0000004F  E8 00000000 E		call WriteString
					mWrite <0dh,0ah>
 0000002A		     1		.data		
 0000002A 0D 0A 00	     1		??0001 BYTE 0dh,0ah,0	
 00000054		     1		.code
 00000054  52		     1		push	edx
 00000055  BA 0000002A R     1		mov	edx,OFFSET ??0001
 0000005A  E8 00000000 E     1		call	WriteString
 0000005F  5A		     1		pop	edx
 00000060  BA 00000000 E		mov edx, offset filename
 00000065  E8 00000000 E		call OpenInputFile
 0000006A  A3 00000000 E		mov fileHandle, eax
 0000006F  83 F8 FF			cmp eax,INVALID_HANDLE_VALUE
 00000072  75 11			jne file_ok
 00000074			file_not_ok:
					; call ClrScr
					mWrite <"Cannot open file",0dh,0ah>
 0000002D		     1		.data		
 0000002D 43 61 6E 6E 6F     1		??0002 BYTE "Cannot open file",0dh,0ah,0	
	   74 20 6F 70 65
	   6E 20 66 69 6C
	   65 0D 0A 00
 00000074		     1		.code
 00000074  52		     1		push	edx
 00000075  BA 0000002D R     1		mov	edx,OFFSET ??0002
 0000007A  E8 00000000 E     1		call	WriteString
 0000007F  5A		     1		pop	edx
 00000080  E9 FFFFFF7B			jmp chooseStage
 00000085			file_ok:
 00000085  BA 00000000 E		mov edx, offset buffer
 0000008A  8B 0D 00000000 E		mov ecx, BufferSize
 00000090  E8 00000000 E		call ReadFromFile
 00000095  73 16			jnc check_Buffer_Size
					mWrite "Error reading file. "
 00000040		     1		.data		
 00000040 45 72 72 6F 72     1		??0003 BYTE "Error reading file. ",0	
	   20 72 65 61 64
	   69 6E 67 20 66
	   69 6C 65 2E 20
	   00
 00000097		     1		.code
 00000097  52		     1		push	edx
 00000098  BA 00000040 R     1		mov	edx,OFFSET ??0003
 0000009D  E8 00000000 E     1		call	WriteString
 000000A2  5A		     1		pop	edx
 000000A3  E8 00000000 E		call WriteWindowsMsg
 000000A8  E9 0000017A			jmp close_File
 000000AD			check_Buffer_Size:
 000000AD  3B 05 00000000 E		cmp eax, BufferSize
 000000B3  72 11			jb buf_size_ok
					mWrite <"Error: Buffer too small for the file",0dh,0ah>
 00000055		     1		.data		
 00000055 45 72 72 6F 72     1		??0004 BYTE "Error: Buffer too small for the file",0dh,0ah,0	
	   3A 20 42 75 66
	   66 65 72 20 74
	   6F 6F 20 73 6D
	   61 6C 6C 20 66
	   6F 72 20 74 68
	   65 20 66 69 6C
	   65 0D 0A 00
 000000B5		     1		.code
 000000B5  52		     1		push	edx
 000000B6  BA 00000055 R     1		mov	edx,OFFSET ??0004
 000000BB  E8 00000000 E     1		call	WriteString
 000000C0  5A		     1		pop	edx
 000000C1  E9 0000016B			jmp quit
 000000C6			buf_size_ok:
 000000C6  C6 80 00000000 E		mov buffer[eax],0
	   00
					;mWrite "File size: "
					;call WriteDec
					;call Crlf
					
					;mWrite <"Buffer:",0dh,0ah,0dh,0ah>
					;mov edx, offset buffer
					;call WriteString
					;call Crlf
					
					;-----------------------
 000000CD  8B C8			mov ecx, eax
 000000CF  BB 00000000			mov ebx, 0
					;mWrite <"readEach:",0dh,0ah>
					; dx
					; 00 for snake X ; 01 for snake Y
					; 10 for obs X ; 11 for obs Y
					; 20 for goal X ; 21 for goal Y
					; 30 for apple X ; 31 for apple Y
 000000D4  33 D2			xor edx,edx
 000000D6  33 F6			xor esi,esi
 000000D8			readEachChar:
 000000D8  0F B6 83			movzx eax, byte ptr [buffer + ebx]
	   00000000 E
 000000DF  83 F8 30			cmp eax, '0'
 000000E2  0F 82 00000112		jb notNUM
 000000E8  83 F8 39			cmp eax, '9'
 000000EB  0F 87 00000109		ja notNUM
					; isNum
					; handle First digit
 000000F1  83 E8 30			sub eax, '0'
 000000F4  52				push edx
 000000F5  53				push ebx
 000000F6  BB 0000000A			mov ebx, 10
 000000FB  F7 E3			mul ebx
 000000FD  5B				pop ebx
 000000FE  5A				pop edx
					; handle second digit
 000000FF  43				inc ebx
 00000100  49				dec ecx
 00000101  52				push edx
 00000102  0F B6 93			movzx edx, byte ptr [buffer + ebx]
	   00000000 E
 00000109  83 EA 30			sub edx, '0'
 0000010C  03 C2			add eax, edx
 0000010E  5A				pop edx
					; call WriteDec ; Get integer in eax !
					
 0000010F  66| 83 FA 00			cmp dx, 0
 00000113  74 3A			je loadSnakeX
 00000115  66| 83 FA 01			cmp dx, 1
 00000119  74 46			je loadSnakeY
 0000011B  66| 83 FA 0A			cmp dx, 10
 0000011F  74 6B			je loadObsX
 00000121  66| 83 FA 0B			cmp dx, 11
 00000125  74 72			je loadObsY
 00000127  66| 83 FA 14			cmp dx, 20
 0000012B  0F 84 00000085		je loadGoalX
 00000131  66| 83 FA 15			cmp dx, 21
 00000135  0F 84 00000088		je loadGoalY
 0000013B  66| 83 FA 1E			cmp dx, 30
 0000013F  0F 84 0000008B		je loadAppleX
 00000145  66| 83 FA 1F			cmp dx, 31
 00000149  0F 84 0000008E		je loadAppleY
				;------------------------
 0000014F			loadSnakeX:
					mov snake[esi].pos.X, ax
src\ReadFileff.asm(127): error A2006: undefined symbol : pos
 0000014F  8B C6			mov eax, esi
 00000151  E9 000000C1			jmp looping
 00000161			loadSnakeY:
					mov snake[esi].pos.Y, ax
src\ReadFileff.asm(131): error A2006: undefined symbol : pos
					mov snake[esi].dir, 0
src\ReadFileff.asm(132): error A2006: undefined symbol : dir
 00000161  83 C6 01			add esi,TYPE snake
 00000164  A1 00000000 E		mov eax, snakeLen
 00000169  83 C0 01			add eax, 1
 0000016C  A3 00000000 E		mov snakeLen, eax
 00000171  E9 000000A1			jmp looping
 0000018C			loadObsX:
					mov obstacles[esi].pos.X, ax
src\ReadFileff.asm(139): error A2006: undefined symbol : pos
 0000018C  EB 00			jmp looping
 00000199			loadObsY:
					mov obstacles[esi].pos.Y, ax
src\ReadFileff.asm(142): error A2006: undefined symbol : pos
 00000199  83 C6 01			add esi,TYPE obstacles
 0000019C  A1 00000000 E		mov eax, obstacleLen
 000001A1  83 C0 01			add eax, 1
 000001A4  A3 00000000 E		mov obstacleLen, eax
 000001A9  EB 6C			jmp looping
 000001B6			loadGoalX:
					mov goal.X, ax
src\ReadFileff.asm(149): error A2006: undefined symbol : X
 000001B6  EB 5F			jmp looping
 000001C3			loadGoalY:
					mov goal.Y, ax
src\ReadFileff.asm(152): error A2006: undefined symbol : Y
 000001C3  EB 52			jmp looping
 000001D0			loadAppleX:
					mov apples[esi].pos.X, ax
src\ReadFileff.asm(155): error A2006: undefined symbol : pos
 000001D0  EB 45			jmp looping
 000001DD			loadAppleY:
					mov apples[esi].pos.Y, ax
src\ReadFileff.asm(158): error A2006: undefined symbol : pos
 000001DD  83 C6 01			add esi,TYPE apples
 000001E0  A1 00000000 E		mov eax, appleLen
 000001E5  83 C0 01			add eax, 1
 000001E8  A3 00000000 E		mov appleLen,eax
 000001ED  EB 28			jmp looping
				;------------------------
 000001FA			notNUM:
 000001FA  83 F8 2C			cmp eax, ','
 000001FD  74 0E			je casePosY
 000001FF  83 F8 3B			cmp eax, ';'
 00000202  74 0E			je caseNextPos
					; nextLine
 00000204  33 F6			xor esi, esi
 00000206  83 C2 09			add edx, 9
 00000209  49				dec ecx
 0000020A  43				inc ebx
 0000020B  EB 0A			jmp looping
 0000020D			casePosY:
 0000020D  83 C2 01			add edx, 1
 00000210  EB 05			jmp looping
 00000212			caseNextPos:
 00000212  83 C2 FF			add edx, -1
 00000215  EB 00			jmp looping
 00000217			looping:
 00000217  43				inc ebx
 00000218  49				dec ecx
 00000219  83 F9 00			cmp ecx,0
 0000021C  0F 84 00000000 E		je CloseFile
 00000222  E9 FFFFFEB1			jmp readEachChar
					;-----------------------
 00000227			close_File:
 00000227  A1 00000000 E		mov eax, fileHandle
 0000022C  E8 00000000 E		call CloseFile
 00000231			quit:
 00000231  C3				ret
 00000232			readFileff ENDP   
				END 
Microsoft (R) Macro Assembler Version 6.11		    12/06/25 11:02:14
src\ReadFileff.asm					     Symbols 2 - 1




Macros:

                N a m e                 Type

IsDefined  . . . . . . . . . . .	Func
Startup  . . . . . . . . . . . .	Proc
mDumpMem . . . . . . . . . . . .	Proc
mDump  . . . . . . . . . . . . .	Proc
mGotoxy  . . . . . . . . . . . .	Proc
mReadString  . . . . . . . . . .	Proc
mShowRegister  . . . . . . . . .	Proc
mShow  . . . . . . . . . . . . .	Proc
mWriteLn . . . . . . . . . . . .	Proc
mWriteSpace  . . . . . . . . . .	Proc
mWriteString . . . . . . . . . .	Proc
mWrite . . . . . . . . . . . . .	Proc


Structures and Unions:

                N a m e                  Size
                                         Offset      Type

APPLE  . . . . . . . . . . . . .	 00000005
  pos  . . . . . . . . . . . . .	 00000000	 DWord
  eaten  . . . . . . . . . . . .	 00000004	 Byte
BLOCK  . . . . . . . . . . . . .	 00000005
  pos  . . . . . . . . . . . . .	 00000000	 DWord
  dir  . . . . . . . . . . . . .	 00000004	 Byte
CONSOLE_CURSOR_INFO  . . . . . .	 00000008
  dwSize . . . . . . . . . . . .	 00000000	 DWord
  bVisible . . . . . . . . . . .	 00000004	 DWord
CONSOLE_SCREEN_BUFFER_INFO . . .	 00000016
  dwSize . . . . . . . . . . . .	 00000000	 DWord
  dwCursorPosition . . . . . . .	 00000004	 DWord
  wAttributes  . . . . . . . . .	 00000008	 Word
  srWindow . . . . . . . . . . .	 0000000A	 QWord
  dwMaximumWindowSize  . . . . .	 00000012	 DWord
COORD  . . . . . . . . . . . . .	 00000004
  X  . . . . . . . . . . . . . .	 00000000	 Word
  Y  . . . . . . . . . . . . . .	 00000002	 Word
FILETIME . . . . . . . . . . . .	 00000008
  loDateTime . . . . . . . . . .	 00000000	 DWord
  hiDateTime . . . . . . . . . .	 00000004	 DWord
FOCUS_EVENT_RECORD . . . . . . .	 00000004
  bSetFocus  . . . . . . . . . .	 00000000	 DWord
FPU_ENVIRON  . . . . . . . . . .	 0000001C
  controlWord  . . . . . . . . .	 00000000	 Word
  statusWord . . . . . . . . . .	 00000004	 Word
  tagWord  . . . . . . . . . . .	 00000008	 Word
  instrPointerOffset . . . . . .	 0000000C	 DWord
  instrPointerSelector . . . . .	 00000010	 DWord
  operandPointerOffset . . . . .	 00000014	 DWord
  operandPointerSelector . . . .	 00000018	 Word
INPUT_RECORD . . . . . . . . . .	 00000014
  EventType  . . . . . . . . . .	 00000000	 Word
  Event  . . . . . . . . . . . .	 00000004	  00000010
  bKeyDown . . . . . . . . . . .	 00000000	 DWord
  wRepeatCount . . . . . . . . .	 00000004	 Word
  wVirtualKeyCode  . . . . . . .	 00000006	 Word
  wVirtualScanCode . . . . . . .	 00000008	 Word
  uChar  . . . . . . . . . . . .	 0000000A	 Word
  UnicodeChar  . . . . . . . . .	 00000000	 Word
  AsciiChar  . . . . . . . . . .	 00000000	 Byte
  dwControlKeyState  . . . . . .	 0000000C	 DWord
  dwMousePosition  . . . . . . .	 00000000	 DWord
  dwButtonState  . . . . . . . .	 00000004	 DWord
  dwMouseControlKeyState . . . .	 00000008	 DWord
  dwEventFlags . . . . . . . . .	 0000000C	 DWord
  dwSize . . . . . . . . . . . .	 00000000	 DWord
  dwCommandId  . . . . . . . . .	 00000000	 DWord
  bSetFocus  . . . . . . . . . .	 00000000	 DWord
KEY_EVENT_RECORD . . . . . . . .	 00000010
  bKeyDown . . . . . . . . . . .	 00000000	 DWord
  wRepeatCount . . . . . . . . .	 00000004	 Word
  wVirtualKeyCode  . . . . . . .	 00000006	 Word
  wVirtualScanCode . . . . . . .	 00000008	 Word
  uChar  . . . . . . . . . . . .	 0000000A	 Word
  UnicodeChar  . . . . . . . . .	 00000000	 Word
  AsciiChar  . . . . . . . . . .	 00000000	 Byte
  dwControlKeyState  . . . . . .	 0000000C	 DWord
MENU_EVENT_RECORD  . . . . . . .	 00000004
  dwCommandId  . . . . . . . . .	 00000000	 DWord
MOUSE_EVENT_RECORD . . . . . . .	 00000010
  dwMousePosition  . . . . . . .	 00000000	 DWord
  dwButtonState  . . . . . . . .	 00000004	 DWord
  dwMouseControlKeyState . . . .	 00000008	 DWord
  dwEventFlags . . . . . . . . .	 0000000C	 DWord
OBSTACLE . . . . . . . . . . . .	 00000005
  pos  . . . . . . . . . . . . .	 00000000	 DWord
  harmful  . . . . . . . . . . .	 00000004	 Byte
SMALL_RECT . . . . . . . . . . .	 00000008
  Left . . . . . . . . . . . . .	 00000000	 Word
  Top  . . . . . . . . . . . . .	 00000002	 Word
  Right  . . . . . . . . . . . .	 00000004	 Word
  Bottom . . . . . . . . . . . .	 00000006	 Word
SYSTEMTIME . . . . . . . . . . .	 00000010
  wYear  . . . . . . . . . . . .	 00000000	 Word
  wMonth . . . . . . . . . . . .	 00000002	 Word
  wDayOfWeek . . . . . . . . . .	 00000004	 Word
  wDay . . . . . . . . . . . . .	 00000006	 Word
  wHour  . . . . . . . . . . . .	 00000008	 Word
  wMinute  . . . . . . . . . . .	 0000000A	 Word
  wSecond  . . . . . . . . . . .	 0000000C	 Word
  wMilliseconds  . . . . . . . .	 0000000E	 Word
WINDOW_BUFFER_SIZE_RECORD  . . .	 00000004
  dwSize . . . . . . . . . . . .	 00000000	 DWord


Segments and Groups:

                N a m e                 Size     Length   Align   Combine Class

FLAT . . . . . . . . . . . . . .	GROUP
STACK  . . . . . . . . . . . . .	32 Bit	 00001000 DWord	  Stack	  'STACK'	 
_DATA  . . . . . . . . . . . . .	32 Bit	 0000007C DWord	  Public  'DATA'	
_TEXT  . . . . . . . . . . . . .	32 Bit	 00000232 DWord	  Public  'CODE'	


Procedures,  parameters and locals:

                N a m e                 Type     Value    Attr

CloseFile  . . . . . . . . . . .	P Near	 00000000 FLAT	Length= 00000000 External STDCALL
CloseHandle  . . . . . . . . . .	P Near	 00000000 FLAT	Length= 00000000 External STDCALL
Clrscr . . . . . . . . . . . . .	P Near	 00000000 FLAT	Length= 00000000 External STDCALL
CreateFileA  . . . . . . . . . .	P Near	 00000000 FLAT	Length= 00000000 External STDCALL
CreateOutputFile . . . . . . . .	P Near	 00000000 FLAT	Length= 00000000 External STDCALL
Crlf . . . . . . . . . . . . . .	P Near	 00000000 FLAT	Length= 00000000 External STDCALL
Delay  . . . . . . . . . . . . .	P Near	 00000000 FLAT	Length= 00000000 External STDCALL
DumpMem  . . . . . . . . . . . .	P Near	 00000000 FLAT	Length= 00000000 External STDCALL
DumpRegs . . . . . . . . . . . .	P Near	 00000000 FLAT	Length= 00000000 External STDCALL
ExitProcess  . . . . . . . . . .	P Near	 00000000 FLAT	Length= 00000000 External STDCALL
FileTimeToDosDateTime  . . . . .	P Near	 00000000 FLAT	Length= 00000000 External STDCALL
FileTimeToSystemTime . . . . . .	P Near	 00000000 FLAT	Length= 00000000 External STDCALL
FlushConsoleInputBuffer  . . . .	P Near	 00000000 FLAT	Length= 00000000 External STDCALL
FormatMessageA . . . . . . . . .	P Near	 00000000 FLAT	Length= 00000000 External STDCALL
GetCommandLineA  . . . . . . . .	P Near	 00000000 FLAT	Length= 00000000 External STDCALL
GetCommandTail . . . . . . . . .	P Near	 00000000 FLAT	Length= 00000000 External STDCALL
GetConsoleCP . . . . . . . . . .	P Near	 00000000 FLAT	Length= 00000000 External STDCALL
GetConsoleCursorInfo . . . . . .	P Near	 00000000 FLAT	Length= 00000000 External STDCALL
GetConsoleMode . . . . . . . . .	P Near	 00000000 FLAT	Length= 00000000 External STDCALL
GetConsoleScreenBufferInfo . . .	P Near	 00000000 FLAT	Length= 00000000 External STDCALL
GetDateTime  . . . . . . . . . .	P Near	 00000000 FLAT	Length= 00000000 External STDCALL
GetFileTime  . . . . . . . . . .	P Near	 00000000 FLAT	Length= 00000000 External STDCALL
GetKeyState  . . . . . . . . . .	P Near	 00000000 FLAT	Length= 00000000 External STDCALL
GetLastError . . . . . . . . . .	P Near	 00000000 FLAT	Length= 00000000 External STDCALL
GetLocalTime . . . . . . . . . .	P Near	 00000000 FLAT	Length= 00000000 External STDCALL
GetMaxXY . . . . . . . . . . . .	P Near	 00000000 FLAT	Length= 00000000 External STDCALL
GetMseconds  . . . . . . . . . .	P Near	 00000000 FLAT	Length= 00000000 External STDCALL
GetNumberOfConsoleInputEvents  .	P Near	 00000000 FLAT	Length= 00000000 External STDCALL
GetProcessHeap . . . . . . . . .	P Near	 00000000 FLAT	Length= 00000000 External STDCALL
GetStdHandle . . . . . . . . . .	P Near	 00000000 FLAT	Length= 00000000 External STDCALL
GetSystemTime  . . . . . . . . .	P Near	 00000000 FLAT	Length= 00000000 External STDCALL
GetTextColor . . . . . . . . . .	P Near	 00000000 FLAT	Length= 00000000 External STDCALL
GetTickCount . . . . . . . . . .	P Near	 00000000 FLAT	Length= 00000000 External STDCALL
Gotoxy . . . . . . . . . . . . .	P Near	 00000000 FLAT	Length= 00000000 External STDCALL
HeapAlloc  . . . . . . . . . . .	P Near	 00000000 FLAT	Length= 00000000 External STDCALL
HeapCreate . . . . . . . . . . .	P Near	 00000000 FLAT	Length= 00000000 External STDCALL
HeapDestroy  . . . . . . . . . .	P Near	 00000000 FLAT	Length= 00000000 External STDCALL
HeapFree . . . . . . . . . . . .	P Near	 00000000 FLAT	Length= 00000000 External STDCALL
HeapSize . . . . . . . . . . . .	P Near	 00000000 FLAT	Length= 00000000 External STDCALL
IsDigit  . . . . . . . . . . . .	P Near	 00000000 FLAT	Length= 00000000 External STDCALL
LocalFree  . . . . . . . . . . .	P Near	 00000000 FLAT	Length= 00000000 External STDCALL
MessageBoxA  . . . . . . . . . .	P Near	 00000000 FLAT	Length= 00000000 External STDCALL
MsgBoxAsk  . . . . . . . . . . .	P Near	 00000000 FLAT	Length= 00000000 External STDCALL
MsgBox . . . . . . . . . . . . .	P Near	 00000000 FLAT	Length= 00000000 External STDCALL
OpenInputFile  . . . . . . . . .	P Near	 00000000 FLAT	Length= 00000000 External STDCALL
ParseDecimal32 . . . . . . . . .	P Near	 00000000 FLAT	Length= 00000000 External STDCALL
ParseInteger32 . . . . . . . . .	P Near	 00000000 FLAT	Length= 00000000 External STDCALL
PeekConsoleInputA  . . . . . . .	P Near	 00000000 FLAT	Length= 00000000 External STDCALL
Random32 . . . . . . . . . . . .	P Near	 00000000 FLAT	Length= 00000000 External STDCALL
RandomRange  . . . . . . . . . .	P Near	 00000000 FLAT	Length= 00000000 External STDCALL
Randomize  . . . . . . . . . . .	P Near	 00000000 FLAT	Length= 00000000 External STDCALL
ReadChar . . . . . . . . . . . .	P Near	 00000000 FLAT	Length= 00000000 External STDCALL
ReadConsoleA . . . . . . . . . .	P Near	 00000000 FLAT	Length= 00000000 External STDCALL
ReadConsoleInputA  . . . . . . .	P Near	 00000000 FLAT	Length= 00000000 External STDCALL
ReadDec  . . . . . . . . . . . .	P Near	 00000000 FLAT	Length= 00000000 External STDCALL
ReadFile . . . . . . . . . . . .	P Near	 00000000 FLAT	Length= 00000000 External STDCALL
ReadFloat  . . . . . . . . . . .	P Near	 00000000 FLAT	Length= 00000000 External STDCALL
ReadFromFile . . . . . . . . . .	P Near	 00000000 FLAT	Length= 00000000 External STDCALL
ReadHex  . . . . . . . . . . . .	P Near	 00000000 FLAT	Length= 00000000 External STDCALL
ReadInt  . . . . . . . . . . . .	P Near	 00000000 FLAT	Length= 00000000 External STDCALL
ReadKeyFlush . . . . . . . . . .	P Near	 00000000 FLAT	Length= 00000000 External STDCALL
ReadKey  . . . . . . . . . . . .	P Near	 00000000 FLAT	Length= 00000000 External STDCALL
ReadString . . . . . . . . . . .	P Near	 00000000 FLAT	Length= 00000000 External STDCALL
SetConsoleCursorInfo . . . . . .	P Near	 00000000 FLAT	Length= 00000000 External STDCALL
SetConsoleCursorPosition . . . .	P Near	 00000000 FLAT	Length= 00000000 External STDCALL
SetConsoleMode . . . . . . . . .	P Near	 00000000 FLAT	Length= 00000000 External STDCALL
SetConsoleScreenBufferSize . . .	P Near	 00000000 FLAT	Length= 00000000 External STDCALL
SetConsoleTextAttribute  . . . .	P Near	 00000000 FLAT	Length= 00000000 External STDCALL
SetConsoleTitleA . . . . . . . .	P Near	 00000000 FLAT	Length= 00000000 External STDCALL
SetConsoleWindowInfo . . . . . .	P Near	 00000000 FLAT	Length= 00000000 External STDCALL
SetFilePointer . . . . . . . . .	P Near	 00000000 FLAT	Length= 00000000 External STDCALL
SetLocalTime . . . . . . . . . .	P Near	 00000000 FLAT	Length= 00000000 External STDCALL
SetTextColor . . . . . . . . . .	P Near	 00000000 FLAT	Length= 00000000 External STDCALL
ShowFPUStack . . . . . . . . . .	P Near	 00000000 FLAT	Length= 00000000 External STDCALL
Sleep  . . . . . . . . . . . . .	P Near	 00000000 FLAT	Length= 00000000 External STDCALL
StrLength  . . . . . . . . . . .	P Near	 00000000 FLAT	Length= 00000000 External STDCALL
Str_compare  . . . . . . . . . .	P Near	 00000000 FLAT	Length= 00000000 External STDCALL
Str_copy . . . . . . . . . . . .	P Near	 00000000 FLAT	Length= 00000000 External STDCALL
Str_length . . . . . . . . . . .	P Near	 00000000 FLAT	Length= 00000000 External STDCALL
Str_trim . . . . . . . . . . . .	P Near	 00000000 FLAT	Length= 00000000 External STDCALL
Str_ucase  . . . . . . . . . . .	P Near	 00000000 FLAT	Length= 00000000 External STDCALL
SystemTimeToFileTime . . . . . .	P Near	 00000000 FLAT	Length= 00000000 External STDCALL
WaitMsg  . . . . . . . . . . . .	P Near	 00000000 FLAT	Length= 00000000 External STDCALL
WriteBinB  . . . . . . . . . . .	P Near	 00000000 FLAT	Length= 00000000 External STDCALL
WriteBin . . . . . . . . . . . .	P Near	 00000000 FLAT	Length= 00000000 External STDCALL
WriteChar  . . . . . . . . . . .	P Near	 00000000 FLAT	Length= 00000000 External STDCALL
WriteConsoleA  . . . . . . . . .	P Near	 00000000 FLAT	Length= 00000000 External STDCALL
WriteConsoleOutputAttribute  . .	P Near	 00000000 FLAT	Length= 00000000 External STDCALL
WriteConsoleOutputCharacterA . .	P Near	 00000000 FLAT	Length= 00000000 External STDCALL
WriteDec . . . . . . . . . . . .	P Near	 00000000 FLAT	Length= 00000000 External STDCALL
WriteFile  . . . . . . . . . . .	P Near	 00000000 FLAT	Length= 00000000 External STDCALL
WriteFloat . . . . . . . . . . .	P Near	 00000000 FLAT	Length= 00000000 External STDCALL
WriteHexB  . . . . . . . . . . .	P Near	 00000000 FLAT	Length= 00000000 External STDCALL
WriteHex . . . . . . . . . . . .	P Near	 00000000 FLAT	Length= 00000000 External STDCALL
WriteInt . . . . . . . . . . . .	P Near	 00000000 FLAT	Length= 00000000 External STDCALL
WriteStackFrameName  . . . . . .	P Near	 00000000 FLAT	Length= 00000000 External STDCALL
WriteStackFrame  . . . . . . . .	P Near	 00000000 FLAT	Length= 00000000 External STDCALL
WriteString  . . . . . . . . . .	P Near	 00000000 FLAT	Length= 00000000 External STDCALL
WriteToFile  . . . . . . . . . .	P Near	 00000000 FLAT	Length= 00000000 External STDCALL
WriteWindowsMsg  . . . . . . . .	P Near	 00000000 FLAT	Length= 00000000 External STDCALL
printf . . . . . . . . . . . . .	P Near	 00000000 FLAT	Length= 00000000 External C
readFileff . . . . . . . . . . .	P Near	 00000000 _TEXT	Length= 00000232 Public STDCALL
  chooseStage  . . . . . . . . .	L Near	 00000000 _TEXT	
  file_not_ok  . . . . . . . . .	L Near	 00000074 _TEXT	
  file_ok  . . . . . . . . . . .	L Near	 00000085 _TEXT	
  check_Buffer_Size  . . . . . .	L Near	 000000AD _TEXT	
  buf_size_ok  . . . . . . . . .	L Near	 000000C6 _TEXT	
  readEachChar . . . . . . . . .	L Near	 000000D8 _TEXT	
  loadSnakeX . . . . . . . . . .	L Near	 0000014F _TEXT	
  loadSnakeY . . . . . . . . . .	L Near	 00000161 _TEXT	
  loadObsX . . . . . . . . . . .	L Near	 0000018C _TEXT	
  loadObsY . . . . . . . . . . .	L Near	 00000199 _TEXT	
  loadGoalX  . . . . . . . . . .	L Near	 000001B6 _TEXT	
  loadGoalY  . . . . . . . . . .	L Near	 000001C3 _TEXT	
  loadAppleX . . . . . . . . . .	L Near	 000001D0 _TEXT	
  loadAppleY . . . . . . . . . .	L Near	 000001DD _TEXT	
  notNUM . . . . . . . . . . . .	L Near	 000001FA _TEXT	
  casePosY . . . . . . . . . . .	L Near	 0000020D _TEXT	
  caseNextPos  . . . . . . . . .	L Near	 00000212 _TEXT	
  looping  . . . . . . . . . . .	L Near	 00000217 _TEXT	
  close_File . . . . . . . . . .	L Near	 00000227 _TEXT	
  quit . . . . . . . . . . . . .	L Near	 00000231 _TEXT	
scanf  . . . . . . . . . . . . .	P Near	 00000000 FLAT	Length= 00000000 External C
wsprintfA  . . . . . . . . . . .	P Near	 00000000 FLAT	Length= 00000000 External C


Symbols:

                N a m e                 Type     Value    Attr

??0000 . . . . . . . . . . . . .	Byte	 00000000 _DATA	
??0001 . . . . . . . . . . . . .	Byte	 0000002A _DATA	
??0002 . . . . . . . . . . . . .	Byte	 0000002D _DATA	
??0003 . . . . . . . . . . . . .	Byte	 00000040 _DATA	
??0004 . . . . . . . . . . . . .	Byte	 00000055 _DATA	
@CodeSize  . . . . . . . . . . .	Number	 00000000h   
@DataSize  . . . . . . . . . . .	Number	 00000000h   
@Interface . . . . . . . . . . .	Number	 00000003h   
@Model . . . . . . . . . . . . .	Number	 00000007h   
@code  . . . . . . . . . . . . .	Text   	 _TEXT
@data  . . . . . . . . . . . . .	Text   	 FLAT
@fardata?  . . . . . . . . . . .	Text   	 FLAT
@fardata . . . . . . . . . . . .	Text   	 FLAT
@stack . . . . . . . . . . . . .	Text   	 FLAT
ALT_MASK . . . . . . . . . . . .	Number	 00000003h   
BufferSize . . . . . . . . . . .	DWord	 00000000 FLAT	External STDCALL
CAPSLOCK_ON  . . . . . . . . . .	Number	 00000080h   
CREATE_ALWAYS  . . . . . . . . .	Number	 00000002h   
CREATE_NEW . . . . . . . . . . .	Number	 00000001h   
CTRL_MASK  . . . . . . . . . . .	Number	 0000000Ch   
CreateFile . . . . . . . . . . .	Text   	 CreateFileA
DO_NOT_SHARE . . . . . . . . . .	Number	 00000000h   
ENABLE_ECHO_INPUT  . . . . . . .	Number	 00000004h   
ENABLE_LINE_INPUT  . . . . . . .	Number	 00000002h   
ENABLE_MOUSE_INPUT . . . . . . .	Number	 00000010h   
ENABLE_PROCESSED_INPUT . . . . .	Number	 00000001h   
ENABLE_PROCESSED_OUTPUT  . . . .	Number	 00000001h   
ENABLE_WINDOW_INPUT  . . . . . .	Number	 00000008h   
ENABLE_WRAP_AT_EOL_OUTPUT  . . .	Number	 00000002h   
ENHANCED_KEY . . . . . . . . . .	Number	 00000100h   
FALSE  . . . . . . . . . . . . .	Number	 00000000h   
FILE_APPEND_DATA . . . . . . . .	Number	 00000004h   
FILE_ATTRIBUTE_ARCHIVE . . . . .	Number	 00000020h   
FILE_ATTRIBUTE_COMPRESSED  . . .	Number	 00000800h   
FILE_ATTRIBUTE_DEVICE  . . . . .	Number	 00000040h   
FILE_ATTRIBUTE_DIRECTORY . . . .	Number	 00000010h   
FILE_ATTRIBUTE_ENCRYPTED . . . .	Number	 00004000h   
FILE_ATTRIBUTE_HIDDEN  . . . . .	Number	 00000002h   
FILE_ATTRIBUTE_NORMAL  . . . . .	Number	 00000080h   
FILE_ATTRIBUTE_NOT_CONTENT_INDEXED .	Number	 00002000h   
FILE_ATTRIBUTE_OFFLINE . . . . .	Number	 00001000h   
FILE_ATTRIBUTE_READONLY  . . . .	Number	 00000001h   
FILE_ATTRIBUTE_REPARSE_POINT . .	Number	 00000400h   
FILE_ATTRIBUTE_SPARSE_FILE . . .	Number	 00000200h   
FILE_ATTRIBUTE_SYSTEM  . . . . .	Number	 00000004h   
FILE_ATTRIBUTE_TEMPORARY . . . .	Number	 00000100h   
FILE_BEGIN . . . . . . . . . . .	Number	 00000000h   
FILE_CURRENT . . . . . . . . . .	Number	 00000001h   
FILE_DELETE_CHILD  . . . . . . .	Number	 00000040h   
FILE_END . . . . . . . . . . . .	Number	 00000002h   
FILE_READ_DATA . . . . . . . . .	Number	 00000001h   
FILE_SHARE_DELETE  . . . . . . .	Number	 00000004h   
FILE_SHARE_READ  . . . . . . . .	Number	 00000001h   
FILE_SHARE_WRITE . . . . . . . .	Number	 00000002h   
FILE_WRITE_DATA  . . . . . . . .	Number	 00000002h   
FOCUS_EVENT  . . . . . . . . . .	Number	 00000010h   
FORMAT_MESSAGE_ALLOCATE_BUFFER .	Number	 00000100h   
FORMAT_MESSAGE_FROM_SYSTEM . . .	Number	 00001000h   
FormatMessage  . . . . . . . . .	Text   	 FormatMessageA
GENERIC_ALL  . . . . . . . . . .	Number	 10000000h   
GENERIC_EXECUTE  . . . . . . . .	Number	 20000000h   
GENERIC_READ . . . . . . . . . .	Number	 -80000000h   
GENERIC_WRITE  . . . . . . . . .	Number	 40000000h   
GetCommandLine . . . . . . . . .	Text   	 GetCommandLineA
HANDLE . . . . . . . . . . . . .	Text   	 DWORD
HEAP_GENERATE_EXCEPTIONS . . . .	Number	 00000004h   
HEAP_GROWABLE  . . . . . . . . .	Number	 00000002h   
HEAP_NO_SERIALIZE  . . . . . . .	Number	 00000001h   
HEAP_REALLOC_IN_PLACE_ONLY . . .	Number	 00000010h   
HEAP_ZERO_MEMORY . . . . . . . .	Number	 00000008h   
IDABORT  . . . . . . . . . . . .	Number	 00000003h   
IDCANCEL . . . . . . . . . . . .	Number	 00000002h   
IDCLOSE  . . . . . . . . . . . .	Number	 00000008h   
IDCONTINUE . . . . . . . . . . .	Number	 0000000Bh   
IDHELP . . . . . . . . . . . . .	Number	 00000009h   
IDIGNORE . . . . . . . . . . . .	Number	 00000005h   
IDNO . . . . . . . . . . . . . .	Number	 00000007h   
IDOK . . . . . . . . . . . . . .	Number	 00000001h   
IDRETRY  . . . . . . . . . . . .	Number	 00000004h   
IDTIMEOUT  . . . . . . . . . . .	Number	 00007D00h   
IDTRYAGAIN . . . . . . . . . . .	Number	 0000000Ah   
IDYES  . . . . . . . . . . . . .	Number	 00000006h   
INVALID_HANDLE_VALUE . . . . . .	Number	 -00000001h   
KBDOWN_FLAG  . . . . . . . . . .	Number	 00000001h   
KEY_EVENT  . . . . . . . . . . .	Number	 00000001h   
KEY_MASKS  . . . . . . . . . . .	Number	 0000001Fh   
LEFT_ALT_PRESSED . . . . . . . .	Number	 00000002h   
LEFT_CTRL_PRESSED  . . . . . . .	Number	 00000008h   
MB_ABORTRETRYIGNORE  . . . . . .	Number	 00000002h   
MB_APPLMODAL . . . . . . . . . .	Number	 00000000h   
MB_CANCELTRYCONTINUE . . . . . .	Number	 00000006h   
MB_DEFBUTTON1  . . . . . . . . .	Number	 00000000h   
MB_DEFBUTTON2  . . . . . . . . .	Number	 00000100h   
MB_DEFBUTTON3  . . . . . . . . .	Number	 00000200h   
MB_DEFBUTTON4  . . . . . . . . .	Number	 00000300h   
MB_HELP  . . . . . . . . . . . .	Number	 00004000h   
MB_ICONASTERISK  . . . . . . . .	Number	 00000040h   
MB_ICONERROR . . . . . . . . . .	Number	 00000010h   
MB_ICONEXCLAMATION . . . . . . .	Number	 00000030h   
MB_ICONHAND  . . . . . . . . . .	Number	 00000010h   
MB_ICONINFORMATION . . . . . . .	Number	 00000040h   
MB_ICONQUESTION  . . . . . . . .	Number	 00000020h   
MB_ICONSTOP  . . . . . . . . . .	Number	 00000010h   
MB_ICONWARNING . . . . . . . . .	Number	 00000030h   
MB_OKCANCEL  . . . . . . . . . .	Number	 00000001h   
MB_OK  . . . . . . . . . . . . .	Number	 00000000h   
MB_RETRYCANCEL . . . . . . . . .	Number	 00000005h   
MB_SYSTEMMODAL . . . . . . . . .	Number	 00001000h   
MB_TASKMODAL . . . . . . . . . .	Number	 00002000h   
MB_USERICON  . . . . . . . . . .	Number	 00000080h   
MB_YESNOCANCEL . . . . . . . . .	Number	 00000003h   
MB_YESNO . . . . . . . . . . . .	Number	 00000004h   
MENU_EVENT . . . . . . . . . . .	Number	 00000008h   
MOUSE_EVENT  . . . . . . . . . .	Number	 00000002h   
MessageBox . . . . . . . . . . .	Text   	 MessageBoxA
NULL . . . . . . . . . . . . . .	Number	 00000000h   
NUMLOCK_ON . . . . . . . . . . .	Number	 00000020h   
OPEN_ALWAYS  . . . . . . . . . .	Number	 00000004h   
OPEN_EXISTING  . . . . . . . . .	Number	 00000003h   
PeekConsoleInput . . . . . . . .	Text   	 PeekConsoleInputA
RIGHT_ALT_PRESSED  . . . . . . .	Number	 00000001h   
RIGHT_CTRL_PRESSED . . . . . . .	Number	 00000004h   
ReadConsoleInput . . . . . . . .	Text   	 ReadConsoleInputA
ReadConsole  . . . . . . . . . .	Text   	 ReadConsoleA
SCROLLLOCK_ON  . . . . . . . . .	Number	 00000040h   
SHIFT_MASK . . . . . . . . . . .	Number	 00000010h   
SHIFT_PRESSED  . . . . . . . . .	Number	 00000010h   
STD_ERROR_HANDLE . . . . . . . .	Number	 -0000000Ch   
STD_INPUT_HANDLE . . . . . . . .	Number	 -0000000Ah   
STD_OUTPUT_HANDLE  . . . . . . .	Number	 -0000000Bh   
SetConsoleTitle  . . . . . . . .	Text   	 SetConsoleTitleA
TAB  . . . . . . . . . . . . . .	Number	 00000009h   
TRUE . . . . . . . . . . . . . .	Number	 00000001h   
TRUNCATE_EXISTING  . . . . . . .	Number	 00000005h   
VK_11  . . . . . . . . . . . . .	Number	 000000BDh   
VK_12  . . . . . . . . . . . . .	Number	 000000BBh   
VK_ADD . . . . . . . . . . . . .	Number	 0000006Bh   
VK_BACK  . . . . . . . . . . . .	Number	 00000008h   
VK_CANCEL  . . . . . . . . . . .	Number	 00000003h   
VK_CAPITAL . . . . . . . . . . .	Number	 00000014h   
VK_CLEAR . . . . . . . . . . . .	Number	 0000000Ch   
VK_CONTROL . . . . . . . . . . .	Number	 00000011h   
VK_DECIMAL . . . . . . . . . . .	Number	 0000006Eh   
VK_DELETE  . . . . . . . . . . .	Number	 0000002Eh   
VK_DIVIDE  . . . . . . . . . . .	Number	 0000006Fh   
VK_DOWN  . . . . . . . . . . . .	Number	 00000028h   
VK_END . . . . . . . . . . . . .	Number	 00000023h   
VK_ESCAPE  . . . . . . . . . . .	Number	 0000001Bh   
VK_EXECUTE . . . . . . . . . . .	Number	 0000002Bh   
VK_F10 . . . . . . . . . . . . .	Number	 00000079h   
VK_F11 . . . . . . . . . . . . .	Number	 0000007Ah   
VK_F12 . . . . . . . . . . . . .	Number	 0000007Bh   
VK_F13 . . . . . . . . . . . . .	Number	 0000007Ch   
VK_F14 . . . . . . . . . . . . .	Number	 0000007Dh   
VK_F15 . . . . . . . . . . . . .	Number	 0000007Eh   
VK_F16 . . . . . . . . . . . . .	Number	 0000007Fh   
VK_F17 . . . . . . . . . . . . .	Number	 00000080h   
VK_F18 . . . . . . . . . . . . .	Number	 00000081h   
VK_F19 . . . . . . . . . . . . .	Number	 00000082h   
VK_F1  . . . . . . . . . . . . .	Number	 00000070h   
VK_F20 . . . . . . . . . . . . .	Number	 00000083h   
VK_F21 . . . . . . . . . . . . .	Number	 00000084h   
VK_F22 . . . . . . . . . . . . .	Number	 00000085h   
VK_F23 . . . . . . . . . . . . .	Number	 00000086h   
VK_F24 . . . . . . . . . . . . .	Number	 00000087h   
VK_F2  . . . . . . . . . . . . .	Number	 00000071h   
VK_F3  . . . . . . . . . . . . .	Number	 00000072h   
VK_F4  . . . . . . . . . . . . .	Number	 00000073h   
VK_F5  . . . . . . . . . . . . .	Number	 00000074h   
VK_F6  . . . . . . . . . . . . .	Number	 00000075h   
VK_F7  . . . . . . . . . . . . .	Number	 00000076h   
VK_F8  . . . . . . . . . . . . .	Number	 00000077h   
VK_F9  . . . . . . . . . . . . .	Number	 00000078h   
VK_HELP  . . . . . . . . . . . .	Number	 0000002Fh   
VK_HOME  . . . . . . . . . . . .	Number	 00000024h   
VK_INSERT  . . . . . . . . . . .	Number	 0000002Dh   
VK_LBUTTON . . . . . . . . . . .	Number	 00000001h   
VK_LCONTROL  . . . . . . . . . .	Number	 000000A2h   
VK_LEFT  . . . . . . . . . . . .	Number	 00000025h   
VK_LMENU . . . . . . . . . . . .	Number	 000000A4h   
VK_LSHIFT  . . . . . . . . . . .	Number	 000000A0h   
VK_MENU  . . . . . . . . . . . .	Number	 00000012h   
VK_MULTIPLY  . . . . . . . . . .	Number	 0000006Ah   
VK_NEXT  . . . . . . . . . . . .	Number	 00000022h   
VK_NUMLOCK . . . . . . . . . . .	Number	 00000090h   
VK_NUMPAD0 . . . . . . . . . . .	Number	 00000060h   
VK_NUMPAD1 . . . . . . . . . . .	Number	 00000061h   
VK_NUMPAD2 . . . . . . . . . . .	Number	 00000062h   
VK_NUMPAD3 . . . . . . . . . . .	Number	 00000063h   
VK_NUMPAD4 . . . . . . . . . . .	Number	 00000064h   
VK_NUMPAD5 . . . . . . . . . . .	Number	 00000065h   
VK_NUMPAD6 . . . . . . . . . . .	Number	 00000066h   
VK_NUMPAD7 . . . . . . . . . . .	Number	 00000067h   
VK_NUMPAD8 . . . . . . . . . . .	Number	 00000068h   
VK_NUMPAD9 . . . . . . . . . . .	Number	 00000069h   
VK_PAUSE . . . . . . . . . . . .	Number	 00000013h   
VK_PRINT . . . . . . . . . . . .	Number	 0000002Ah   
VK_PRIOR . . . . . . . . . . . .	Number	 00000021h   
VK_RBUTTON . . . . . . . . . . .	Number	 00000002h   
VK_RCONTROL  . . . . . . . . . .	Number	 000000A3h   
VK_RETURN  . . . . . . . . . . .	Number	 0000000Dh   
VK_RIGHT . . . . . . . . . . . .	Number	 00000027h   
VK_RMENU . . . . . . . . . . . .	Number	 000000A5h   
VK_RSHIFT  . . . . . . . . . . .	Number	 000000A1h   
VK_SCROLL  . . . . . . . . . . .	Number	 00000091h   
VK_SEPARATER . . . . . . . . . .	Number	 0000006Ch   
VK_SHIFT . . . . . . . . . . . .	Number	 00000010h   
VK_SNAPSHOT  . . . . . . . . . .	Number	 0000002Ch   
VK_SPACE . . . . . . . . . . . .	Number	 00000020h   
VK_SUBTRACT  . . . . . . . . . .	Number	 0000006Dh   
VK_TAB . . . . . . . . . . . . .	Number	 00000009h   
VK_UP  . . . . . . . . . . . . .	Number	 00000026h   
WINDOW_BUFFER_SIZE_EVENT . . . .	Number	 00000004h   
WriteConsoleOutputCharacter  . .	Text   	 WriteConsoleOutputCharacterA
WriteConsole . . . . . . . . . .	Text   	 WriteConsoleA
appleLen . . . . . . . . . . . .	DWord	 00000000 FLAT	External STDCALL
apples . . . . . . . . . . . . .	Byte	 00000000 FLAT	External STDCALL
black  . . . . . . . . . . . . .	Number	 00000000h   
blue . . . . . . . . . . . . . .	Number	 00000001h   
brown  . . . . . . . . . . . . .	Number	 00000006h   
buffer . . . . . . . . . . . . .	Byte	 00000000 FLAT	External STDCALL
cyan . . . . . . . . . . . . . .	Number	 00000003h   
exit . . . . . . . . . . . . . .	Text   	 INVOKE ExitProcess,0
fileHandle . . . . . . . . . . .	DWord	 00000000 FLAT	External STDCALL
fileInput  . . . . . . . . . . .	Byte	 00000000 FLAT	External STDCALL
filename . . . . . . . . . . . .	Byte	 00000000 FLAT	External STDCALL
goal . . . . . . . . . . . . . .	Byte	 00000000 FLAT	External STDCALL
gray . . . . . . . . . . . . . .	Number	 00000008h   
green  . . . . . . . . . . . . .	Number	 00000002h   
lightBlue  . . . . . . . . . . .	Number	 00000009h   
lightCyan  . . . . . . . . . . .	Number	 0000000Bh   
lightGray  . . . . . . . . . . .	Number	 00000007h   
lightGreen . . . . . . . . . . .	Number	 0000000Ah   
lightMagenta . . . . . . . . . .	Number	 0000000Dh   
lightRed . . . . . . . . . . . .	Number	 0000000Ch   
magenta  . . . . . . . . . . . .	Number	 00000005h   
obstacleLen  . . . . . . . . . .	DWord	 00000000 FLAT	External STDCALL
obstacles  . . . . . . . . . . .	Byte	 00000000 FLAT	External STDCALL
red  . . . . . . . . . . . . . .	Number	 00000004h   
snakeLen . . . . . . . . . . . .	DWord	 00000000 FLAT	External STDCALL
snake  . . . . . . . . . . . . .	Byte	 00000000 FLAT	External STDCALL
white  . . . . . . . . . . . . .	Number	 0000000Fh   
wsprintf . . . . . . . . . . . .	Text   	 wsprintfA
yellow . . . . . . . . . . . . .	Number	 0000000Eh   

	   0 Warnings
	   9 Errors
